#
# There is insufficient memory for the Java Runtime Environment to continue.
# Native memory allocation (mmap) failed to map 378535936 bytes for G1 virtual space
# Possible reasons:
#   The system is out of physical RAM or swap space
#   The process is running with CompressedOops enabled, and the Java Heap may be blocking the growth of the native heap
# Possible solutions:
#   Reduce memory load on the system
#   Increase physical memory or swap space
#   Check if swap backing store is full
#   Decrease Java heap size (-Xmx/-Xms)
#   Decrease number of Java threads
#   Decrease Java thread stack sizes (-Xss)
#   Set larger code cache with -XX:ReservedCodeCacheSize=
#   JVM is running with Unscaled Compressed Oops mode in which the Java heap is
#     placed in the first 4GB address space. The Java Heap base address is the
#     maximum limit for the native heap growth. Please use -XX:HeapBaseMinAddress
#     to set the Java Heap base and to place the Java Heap above 4GB virtual address.
# This output file may be truncated or incomplete.
#
#  Out of Memory Error (os_windows.cpp:3550), pid=21352, tid=21296
#
# JRE version: Java(TM) SE Runtime Environment (17.0.6+9) (build 17.0.6+9-LTS-190)
# Java VM: Java HotSpot(TM) 64-Bit Server VM (17.0.6+9-LTS-190, mixed mode, sharing, tiered, compressed oops, compressed class ptrs, g1 gc, windows-amd64)
# No core dump will be written. Minidumps are not enabled by default on client versions of Windows
#

---------------  S U M M A R Y ------------

Command Line: -javaagent:C:\Program Files\JetBrains\IntelliJ IDEA Community Edition 2022.3.1\lib\idea_rt.jar=6983:C:\Program Files\JetBrains\IntelliJ IDEA Community Edition 2022.3.1\bin -Dfile.encoding=UTF-8 searchengine.Application

Host: AMD Ryzen 5 3500U with Radeon Vega Mobile Gfx  , 8 cores, 6G,  Windows 10 , 64 bit Build 19041 (10.0.19041.4597)
Time: Thu Aug  1 21:59:31 2024 RTZ 2 (s 10 , 64 bit Build 19041 (10.0.19041.4597) elapsed time: 35.836598 seconds (0d 0h 0m 35s)

---------------  T H R E A D  ---------------

Current thread (0x000001dc430c2580):  VMThread "VM Thread" [stack: 0x0000000870d00000,0x0000000870e00000] [id=21296]

Stack: [0x0000000870d00000,0x0000000870e00000]
Native frames: (J=compiled Java code, j=interpreted, Vv=VM code, C=native code)
V  [jvm.dll+0x6734ea]
V  [jvm.dll+0x7d18f4]
V  [jvm.dll+0x7d309e]
V  [jvm.dll+0x7d3703]
V  [jvm.dll+0x2433c5]
V  [jvm.dll+0x6703f9]
V  [jvm.dll+0x664d32]
V  [jvm.dll+0x300086]
V  [jvm.dll+0x307606]
V  [jvm.dll+0x356c1e]
V  [jvm.dll+0x356e4f]
V  [jvm.dll+0x2d72e8]
V  [jvm.dll+0x2d57e5]
V  [jvm.dll+0x2d4dec]
V  [jvm.dll+0x3186a1]
V  [jvm.dll+0x7d7f0b]
V  [jvm.dll+0x7d8c44]
V  [jvm.dll+0x7d915d]
V  [jvm.dll+0x7d9534]
V  [jvm.dll+0x7d9600]
V  [jvm.dll+0x781a7a]
V  [jvm.dll+0x672375]
C  [ucrtbase.dll+0x21bb2]
C  [KERNEL32.DLL+0x17374]
C  [ntdll.dll+0x4cc91]

VM_Operation (0x00000008733fc888): G1TryInitiateConcMark, mode: safepoint, requested by thread 0x000001dc4773f8a0


---------------  P R O C E S S  ---------------

Threads class SMR info:
_java_thread_list=0x000001dc4a02a8c0, length=32, elements={
0x000001dc430c6e20, 0x000001dc430c7c90, 0x000001dc430e2880, 0x000001dc430e3340,
0x000001dc430e5c10, 0x000001dc430e64d0, 0x000001dc430eabd0, 0x000001dc430f3590,
0x000001dc430f5ea0, 0x000001dc43cb2960, 0x000001dc43ee2a90, 0x000001dc43ee2f60,
0x000001dc480bdcc0, 0x000001dc4803dda0, 0x000001dc489bc290, 0x000001dc472d2010,
0x000001dc4773fd70, 0x000001dc4773d220, 0x000001dc4773f3d0, 0x000001dc4773c880,
0x000001dc4773d6f0, 0x000001dc4773ea30, 0x000001dc4773cd50, 0x000001dc4773dbc0,
0x000001dc4773e090, 0x000001dc4773ef00, 0x000001dc4773f8a0, 0x000001dc44d58c50,
0x000001dc44d5b2d0, 0x000001dc44d595f0, 0x000001dc44d5ae00, 0x000001dc44d5b7a0
}

Java Threads: ( => current thread )
  0x000001dc430c6e20 JavaThread "Reference Handler" daemon [_thread_blocked, id=22108, stack(0x0000000870e00000,0x0000000870f00000)]
  0x000001dc430c7c90 JavaThread "Finalizer" daemon [_thread_blocked, id=15568, stack(0x0000000870f00000,0x0000000871000000)]
  0x000001dc430e2880 JavaThread "Signal Dispatcher" daemon [_thread_blocked, id=12784, stack(0x0000000871000000,0x0000000871100000)]
  0x000001dc430e3340 JavaThread "Attach Listener" daemon [_thread_blocked, id=6996, stack(0x0000000871100000,0x0000000871200000)]
  0x000001dc430e5c10 JavaThread "Service Thread" daemon [_thread_blocked, id=7968, stack(0x0000000871200000,0x0000000871300000)]
  0x000001dc430e64d0 JavaThread "Monitor Deflation Thread" daemon [_thread_blocked, id=19960, stack(0x0000000871300000,0x0000000871400000)]
  0x000001dc430eabd0 JavaThread "C2 CompilerThread0" daemon [_thread_blocked, id=10456, stack(0x0000000871400000,0x0000000871500000)]
  0x000001dc430f3590 JavaThread "C1 CompilerThread0" daemon [_thread_blocked, id=21724, stack(0x0000000871500000,0x0000000871600000)]
  0x000001dc430f5ea0 JavaThread "Sweeper thread" daemon [_thread_blocked, id=23844, stack(0x0000000871600000,0x0000000871700000)]
  0x000001dc43cb2960 JavaThread "Common-Cleaner" daemon [_thread_blocked, id=20872, stack(0x0000000871700000,0x0000000871800000)]
  0x000001dc43ee2a90 JavaThread "Monitor Ctrl-Break" daemon [_thread_in_native, id=24416, stack(0x0000000871900000,0x0000000871a00000)]
  0x000001dc43ee2f60 JavaThread "Notification Thread" daemon [_thread_blocked, id=2396, stack(0x0000000871a00000,0x0000000871b00000)]
  0x000001dc480bdcc0 JavaThread "Catalina-utility-1" [_thread_blocked, id=20324, stack(0x0000000872400000,0x0000000872500000)]
  0x000001dc4803dda0 JavaThread "Catalina-utility-2" [_thread_blocked, id=1480, stack(0x0000000872500000,0x0000000872600000)]
  0x000001dc489bc290 JavaThread "container-0" [_thread_blocked, id=15940, stack(0x0000000872600000,0x0000000872700000)]
  0x000001dc472d2010 JavaThread "mysql-cj-abandoned-connection-cleanup" daemon [_thread_blocked, id=15456, stack(0x0000000872700000,0x0000000872800000)]
  0x000001dc4773fd70 JavaThread "HikariPool-1 housekeeper" daemon [_thread_blocked, id=2944, stack(0x0000000872900000,0x0000000872a00000)]
  0x000001dc4773d220 JavaThread "lettuce-timer-3-1" daemon [_thread_blocked, id=18836, stack(0x0000000872b00000,0x0000000872c00000)]
  0x000001dc4773f3d0 JavaThread "lettuce-timer-5-1" daemon [_thread_blocked, id=15408, stack(0x0000000872a00000,0x0000000872b00000)]
  0x000001dc4773c880 JavaThread "http-nio-8888-exec-1" daemon [_thread_blocked, id=15600, stack(0x0000000872c00000,0x0000000872d00000)]
  0x000001dc4773d6f0 JavaThread "http-nio-8888-exec-2" daemon [_thread_blocked, id=18664, stack(0x0000000872d00000,0x0000000872e00000)]
  0x000001dc4773ea30 JavaThread "http-nio-8888-exec-3" daemon [_thread_blocked, id=20784, stack(0x0000000872e00000,0x0000000872f00000)]
  0x000001dc4773cd50 JavaThread "http-nio-8888-exec-4" daemon [_thread_blocked, id=18064, stack(0x0000000872f00000,0x0000000873000000)]
  0x000001dc4773dbc0 JavaThread "http-nio-8888-exec-5" daemon [_thread_blocked, id=5600, stack(0x0000000873000000,0x0000000873100000)]
  0x000001dc4773e090 JavaThread "http-nio-8888-exec-6" daemon [_thread_blocked, id=7456, stack(0x0000000873100000,0x0000000873200000)]
  0x000001dc4773ef00 JavaThread "http-nio-8888-exec-7" daemon [_thread_blocked, id=22344, stack(0x0000000873200000,0x0000000873300000)]
  0x000001dc4773f8a0 JavaThread "http-nio-8888-exec-8" daemon [_thread_blocked, id=14688, stack(0x0000000873300000,0x0000000873400000)]
  0x000001dc44d58c50 JavaThread "http-nio-8888-exec-9" daemon [_thread_blocked, id=22196, stack(0x0000000873400000,0x0000000873500000)]
  0x000001dc44d5b2d0 JavaThread "http-nio-8888-exec-10" daemon [_thread_blocked, id=1572, stack(0x0000000873500000,0x0000000873600000)]
  0x000001dc44d595f0 JavaThread "http-nio-8888-Poller" daemon [_thread_in_native, id=1160, stack(0x0000000873600000,0x0000000873700000)]
  0x000001dc44d5ae00 JavaThread "http-nio-8888-Acceptor" daemon [_thread_in_native, id=8084, stack(0x0000000873700000,0x0000000873800000)]
  0x000001dc44d5b7a0 JavaThread "DestroyJavaVM" [_thread_blocked, id=5188, stack(0x0000000870700000,0x0000000870800000)]

Other Threads:
=>0x000001dc430c2580 VMThread "VM Thread" [stack: 0x0000000870d00000,0x0000000870e00000] [id=21296]
  0x000001dc25972a70 WatcherThread [stack: 0x0000000871b00000,0x0000000871c00000] [id=16700]
  0x000001dc25959b00 GCTaskThread "GC Thread#0" [stack: 0x0000000870800000,0x0000000870900000] [id=7052]
  0x000001dc4498fc60 GCTaskThread "GC Thread#1" [stack: 0x0000000871c00000,0x0000000871d00000] [id=19048]
  0x000001dc446f3bf0 GCTaskThread "GC Thread#2" [stack: 0x0000000871d00000,0x0000000871e00000] [id=19692]
  0x000001dc44893160 GCTaskThread "GC Thread#3" [stack: 0x0000000871e00000,0x0000000871f00000] [id=5396]
  0x000001dc44894040 GCTaskThread "GC Thread#4" [stack: 0x0000000871f00000,0x0000000872000000] [id=8400]
  0x000001dc448942f0 GCTaskThread "GC Thread#5" [stack: 0x0000000872000000,0x0000000872100000] [id=24148]
  0x000001dc448945a0 GCTaskThread "GC Thread#6" [stack: 0x0000000872100000,0x0000000872200000] [id=20532]
  0x000001dc44894850 GCTaskThread "GC Thread#7" [stack: 0x0000000872200000,0x0000000872300000] [id=22840]
  0x000001dc25969850 ConcurrentGCThread "G1 Main Marker" [stack: 0x0000000870900000,0x0000000870a00000] [id=24436]
  0x000001dc2596aa00 ConcurrentGCThread "G1 Conc#0" [stack: 0x0000000870a00000,0x0000000870b00000] [id=10864]
  0x000001dc470aeca0 ConcurrentGCThread "G1 Conc#1" [stack: 0x0000000872300000,0x0000000872400000] [id=17288]
  0x000001dc259ceb60 ConcurrentGCThread "G1 Refine#0" [stack: 0x0000000870b00000,0x0000000870c00000] [id=15916]
  0x000001dc454bbf70 ConcurrentGCThread "G1 Refine#1" [stack: 0x0000000873900000,0x0000000873a00000] [id=8116]
  0x000001dc42f7f780 ConcurrentGCThread "G1 Service" [stack: 0x0000000870c00000,0x0000000870d00000] [id=20516]

Threads with active compile tasks:

VM state: at safepoint (normal execution)

VM Mutex/Monitor currently owned by a thread:  ([mutex/lock_event])
[0x000001dc25902bf0] Threads_lock - owner thread: 0x000001dc430c2580
[0x000001dc25902c80] Heap_lock - owner thread: 0x000001dc4773f8a0

Heap address: 0x0000000091000000, size: 1776 MB, Compressed Oops mode: 32-bit

CDS archive(s) mapped at: [0x0000000800000000-0x0000000800bd0000-0x0000000800bd0000), size 12386304, SharedBaseAddress: 0x0000000800000000, ArchiveRelocationMode: 0.
Compressed class space mapped at: 0x0000000800c00000-0x0000000840c00000, reserved size: 1073741824
Narrow klass base: 0x0000000800000000, Narrow klass shift: 0, Narrow klass range: 0x100000000

GC Precious Log:
 CPUs: 8 total, 8 available
 Memory: 7103M
 Large Page Support: Disabled
 NUMA Support: Disabled
 Compressed Oops: Enabled (32-bit)
 Heap Region Size: 1M
 Heap Min Capacity: 8M
 Heap Initial Capacity: 112M
 Heap Max Capacity: 1776M
 Pre-touch: Disabled
 Parallel Workers: 8
 Concurrent Workers: 2
 Concurrent Refinement Workers: 8
 Periodic GC: Disabled

Heap:
 garbage-first heap   total 284672K, used 100961K [0x0000000091000000, 0x0000000100000000)
  region size 1024K, 4 young (4096K), 4 survivors (4096K)
 Metaspace       used 67262K, committed 67712K, reserved 1114112K
  class space    used 8975K, committed 9216K, reserved 1048576K

Heap Regions: E=young(eden), S=young(survivor), O=old, HS=humongous(starts), HC=humongous(continues), CS=collection set, F=free, OA=open archive, CA=closed archive, TAMS=top-at-mark-start (previous, next)
|   0|0x0000000091000000, 0x0000000091100000, 0x0000000091100000|100%|HS|  |TAMS 0x0000000091100000, 0x0000000091100000| Complete 
|   1|0x0000000091100000, 0x0000000091200000, 0x0000000091200000|100%| O|  |TAMS 0x0000000091200000, 0x0000000091200000| Untracked 
|   2|0x0000000091200000, 0x0000000091300000, 0x0000000091300000|100%| O|  |TAMS 0x0000000091300000, 0x0000000091300000| Untracked 
|   3|0x0000000091300000, 0x0000000091400000, 0x0000000091400000|100%| O|  |TAMS 0x0000000091400000, 0x0000000091400000| Untracked 
|   4|0x0000000091400000, 0x0000000091500000, 0x0000000091500000|100%| O|  |TAMS 0x0000000091500000, 0x0000000091500000| Untracked 
|   5|0x0000000091500000, 0x0000000091600000, 0x0000000091600000|100%| O|  |TAMS 0x0000000091600000, 0x0000000091600000| Untracked 
|   6|0x0000000091600000, 0x0000000091700000, 0x0000000091700000|100%| O|  |TAMS 0x0000000091700000, 0x0000000091700000| Untracked 
|   7|0x0000000091700000, 0x0000000091800000, 0x0000000091800000|100%| O|  |TAMS 0x0000000091800000, 0x0000000091800000| Untracked 
|   8|0x0000000091800000, 0x0000000091900000, 0x0000000091900000|100%| O|  |TAMS 0x0000000091900000, 0x0000000091900000| Untracked 
|   9|0x0000000091900000, 0x0000000091a00000, 0x0000000091a00000|100%| O|  |TAMS 0x0000000091a00000, 0x0000000091a00000| Untracked 
|  10|0x0000000091a00000, 0x0000000091b00000, 0x0000000091b00000|100%| O|  |TAMS 0x0000000091b00000, 0x0000000091b00000| Untracked 
|  11|0x0000000091b00000, 0x0000000091c00000, 0x0000000091c00000|100%| O|  |TAMS 0x0000000091c00000, 0x0000000091c00000| Untracked 
|  12|0x0000000091c00000, 0x0000000091d00000, 0x0000000091d00000|100%| O|  |TAMS 0x0000000091d00000, 0x0000000091d00000| Untracked 
|  13|0x0000000091d00000, 0x0000000091e00000, 0x0000000091e00000|100%| O|  |TAMS 0x0000000091e00000, 0x0000000091e00000| Untracked 
|  14|0x0000000091e00000, 0x0000000091f00000, 0x0000000091f00000|100%| O|  |TAMS 0x0000000091f00000, 0x0000000091f00000| Untracked 
|  15|0x0000000091f00000, 0x0000000092000000, 0x0000000092000000|100%| O|  |TAMS 0x0000000092000000, 0x0000000092000000| Untracked 
|  16|0x0000000092000000, 0x0000000092100000, 0x0000000092100000|100%| O|  |TAMS 0x0000000092100000, 0x0000000092100000| Untracked 
|  17|0x0000000092100000, 0x0000000092200000, 0x0000000092200000|100%| O|  |TAMS 0x0000000092200000, 0x0000000092200000| Untracked 
|  18|0x0000000092200000, 0x0000000092300000, 0x0000000092300000|100%| O|  |TAMS 0x0000000092300000, 0x0000000092300000| Untracked 
|  19|0x0000000092300000, 0x0000000092400000, 0x0000000092400000|100%| O|  |TAMS 0x0000000092400000, 0x0000000092400000| Untracked 
|  20|0x0000000092400000, 0x0000000092500000, 0x0000000092500000|100%| O|  |TAMS 0x0000000092500000, 0x0000000092500000| Untracked 
|  21|0x0000000092500000, 0x0000000092600000, 0x0000000092600000|100%| O|  |TAMS 0x0000000092600000, 0x0000000092600000| Untracked 
|  22|0x0000000092600000, 0x0000000092700000, 0x0000000092700000|100%| O|  |TAMS 0x0000000092700000, 0x0000000092700000| Untracked 
|  23|0x0000000092700000, 0x0000000092800000, 0x0000000092800000|100%| O|  |TAMS 0x0000000092800000, 0x0000000092800000| Untracked 
|  24|0x0000000092800000, 0x0000000092900000, 0x0000000092900000|100%| O|  |TAMS 0x0000000092900000, 0x0000000092900000| Untracked 
|  25|0x0000000092900000, 0x0000000092a00000, 0x0000000092a00000|100%| O|  |TAMS 0x0000000092a00000, 0x0000000092a00000| Untracked 
|  26|0x0000000092a00000, 0x0000000092b00000, 0x0000000092b00000|100%| O|  |TAMS 0x0000000092b00000, 0x0000000092b00000| Untracked 
|  27|0x0000000092b00000, 0x0000000092c00000, 0x0000000092c00000|100%| O|  |TAMS 0x0000000092c00000, 0x0000000092c00000| Untracked 
|  28|0x0000000092c00000, 0x0000000092d00000, 0x0000000092d00000|100%| O|  |TAMS 0x0000000092d00000, 0x0000000092d00000| Untracked 
|  29|0x0000000092d00000, 0x0000000092e00000, 0x0000000092e00000|100%| O|  |TAMS 0x0000000092e00000, 0x0000000092e00000| Untracked 
|  30|0x0000000092e00000, 0x0000000092f00000, 0x0000000092f00000|100%| O|  |TAMS 0x0000000092e00000, 0x0000000092f00000| Untracked 
|  31|0x0000000092f00000, 0x0000000093000000, 0x0000000093000000|100%| O|  |TAMS 0x0000000092f00000, 0x0000000093000000| Untracked 
|  32|0x0000000093000000, 0x0000000093100000, 0x0000000093100000|100%| O|  |TAMS 0x0000000093100000, 0x0000000093100000| Untracked 
|  33|0x0000000093100000, 0x0000000093200000, 0x0000000093200000|100%| O|  |TAMS 0x0000000093200000, 0x0000000093200000| Untracked 
|  34|0x0000000093200000, 0x0000000093300000, 0x0000000093300000|100%| O|  |TAMS 0x0000000093300000, 0x0000000093300000| Untracked 
|  35|0x0000000093300000, 0x0000000093400000, 0x0000000093400000|100%|HS|  |TAMS 0x0000000093300000, 0x0000000093400000| Complete 
|  36|0x0000000093400000, 0x0000000093500000, 0x0000000093500000|100%| O|  |TAMS 0x0000000093400000, 0x0000000093500000| Untracked 
|  37|0x0000000093500000, 0x0000000093600000, 0x0000000093600000|100%| O|  |TAMS 0x0000000093500000, 0x0000000093600000| Untracked 
|  38|0x0000000093600000, 0x0000000093700000, 0x0000000093700000|100%| O|  |TAMS 0x0000000093600000, 0x0000000093700000| Untracked 
|  39|0x0000000093700000, 0x0000000093800000, 0x0000000093800000|100%|HS|  |TAMS 0x0000000093700000, 0x0000000093800000| Complete 
|  40|0x0000000093800000, 0x0000000093900000, 0x0000000093900000|100%|HC|  |TAMS 0x0000000093800000, 0x0000000093900000| Complete 
|  41|0x0000000093900000, 0x0000000093a00000, 0x0000000093a00000|100%| O|  |TAMS 0x0000000093900000, 0x0000000093900000| Untracked 
|  42|0x0000000093a00000, 0x0000000093b00000, 0x0000000093b00000|100%|HS|  |TAMS 0x0000000093a00000, 0x0000000093b00000| Complete 
|  43|0x0000000093b00000, 0x0000000093c00000, 0x0000000093c00000|100%|HC|  |TAMS 0x0000000093b00000, 0x0000000093c00000| Complete 
|  44|0x0000000093c00000, 0x0000000093d00000, 0x0000000093d00000|100%| O|  |TAMS 0x0000000093c00000, 0x0000000093d00000| Untracked 
|  45|0x0000000093d00000, 0x0000000093e00000, 0x0000000093e00000|100%| O|  |TAMS 0x0000000093da1000, 0x0000000093e00000| Untracked 
|  46|0x0000000093e00000, 0x0000000093f00000, 0x0000000093f00000|100%| O|  |TAMS 0x0000000093e00000, 0x0000000093f00000| Untracked 
|  47|0x0000000093f00000, 0x0000000094000000, 0x0000000094000000|100%| O|  |TAMS 0x0000000093f00000, 0x0000000094000000| Untracked 
|  48|0x0000000094000000, 0x0000000094100000, 0x0000000094100000|100%|HS|  |TAMS 0x0000000094000000, 0x0000000094100000| Complete 
|  49|0x0000000094100000, 0x0000000094200000, 0x0000000094200000|100%|HC|  |TAMS 0x0000000094100000, 0x0000000094200000| Complete 
|  50|0x0000000094200000, 0x0000000094300000, 0x0000000094300000|100%| O|  |TAMS 0x0000000094200000, 0x0000000094300000| Untracked 
|  51|0x0000000094300000, 0x0000000094400000, 0x0000000094400000|100%| O|  |TAMS 0x0000000094300000, 0x0000000094400000| Untracked 
|  52|0x0000000094400000, 0x0000000094500000, 0x0000000094500000|100%| O|  |TAMS 0x0000000094400000, 0x0000000094500000| Untracked 
|  53|0x0000000094500000, 0x0000000094600000, 0x0000000094600000|100%| O|  |TAMS 0x0000000094500000, 0x0000000094600000| Untracked 
|  54|0x0000000094600000, 0x0000000094700000, 0x0000000094700000|100%| O|  |TAMS 0x0000000094600000, 0x0000000094700000| Untracked 
|  55|0x0000000094700000, 0x0000000094800000, 0x0000000094800000|100%| O|  |TAMS 0x0000000094700000, 0x0000000094800000| Untracked 
|  56|0x0000000094800000, 0x0000000094900000, 0x0000000094900000|100%| O|  |TAMS 0x0000000094800000, 0x0000000094900000| Untracked 
|  57|0x0000000094900000, 0x0000000094a00000, 0x0000000094a00000|100%| O|  |TAMS 0x0000000094900000, 0x0000000094a00000| Untracked 
|  58|0x0000000094a00000, 0x0000000094b00000, 0x0000000094b00000|100%| O|  |TAMS 0x0000000094a00000, 0x0000000094b00000| Untracked 
|  59|0x0000000094b00000, 0x0000000094c00000, 0x0000000094c00000|100%| O|  |TAMS 0x0000000094b00000, 0x0000000094c00000| Untracked 
|  60|0x0000000094c00000, 0x0000000094d00000, 0x0000000094d00000|100%| O|  |TAMS 0x0000000094c00000, 0x0000000094d00000| Untracked 
|  61|0x0000000094d00000, 0x0000000094e00000, 0x0000000094e00000|100%| O|  |TAMS 0x0000000094d00000, 0x0000000094e00000| Untracked 
|  62|0x0000000094e00000, 0x0000000094f00000, 0x0000000094f00000|100%| O|  |TAMS 0x0000000094e00000, 0x0000000094f00000| Untracked 
|  63|0x0000000094f00000, 0x0000000095000000, 0x0000000095000000|100%| O|  |TAMS 0x0000000094f00000, 0x0000000095000000| Untracked 
|  64|0x0000000095000000, 0x0000000095100000, 0x0000000095100000|100%| O|  |TAMS 0x0000000095000000, 0x0000000095100000| Untracked 
|  65|0x0000000095100000, 0x0000000095200000, 0x0000000095200000|100%| O|  |TAMS 0x0000000095100000, 0x0000000095200000| Untracked 
|  66|0x0000000095200000, 0x0000000095300000, 0x0000000095300000|100%| O|  |TAMS 0x0000000095200000, 0x0000000095300000| Untracked 
|  67|0x0000000095300000, 0x0000000095400000, 0x0000000095400000|100%|HS|  |TAMS 0x0000000095300000, 0x0000000095400000| Complete 
|  68|0x0000000095400000, 0x0000000095500000, 0x0000000095500000|100%|HC|  |TAMS 0x0000000095400000, 0x0000000095500000| Complete 
|  69|0x0000000095500000, 0x0000000095600000, 0x0000000095600000|100%| O|  |TAMS 0x0000000095500000, 0x0000000095600000| Untracked 
|  70|0x0000000095600000, 0x0000000095700000, 0x0000000095700000|100%| O|  |TAMS 0x0000000095600000, 0x0000000095700000| Untracked 
|  71|0x0000000095700000, 0x0000000095800000, 0x0000000095800000|100%| O|  |TAMS 0x0000000095700000, 0x0000000095800000| Untracked 
|  72|0x0000000095800000, 0x0000000095900000, 0x0000000095900000|100%| O|  |TAMS 0x0000000095800000, 0x0000000095900000| Untracked 
|  73|0x0000000095900000, 0x0000000095a00000, 0x0000000095a00000|100%| O|  |TAMS 0x0000000095900000, 0x0000000095a00000| Untracked 
|  74|0x0000000095a00000, 0x0000000095b00000, 0x0000000095b00000|100%| O|  |TAMS 0x0000000095a00000, 0x0000000095b00000| Untracked 
|  75|0x0000000095b00000, 0x0000000095c00000, 0x0000000095c00000|100%| O|  |TAMS 0x0000000095b00000, 0x0000000095c00000| Untracked 
|  76|0x0000000095c00000, 0x0000000095d00000, 0x0000000095d00000|100%| O|  |TAMS 0x0000000095c00000, 0x0000000095d00000| Untracked 
|  77|0x0000000095d00000, 0x0000000095e00000, 0x0000000095e00000|100%| O|  |TAMS 0x0000000095d00000, 0x0000000095e00000| Untracked 
|  78|0x0000000095e00000, 0x0000000095f00000, 0x0000000095f00000|100%| O|  |TAMS 0x0000000095e00000, 0x0000000095f00000| Untracked 
|  79|0x0000000095f00000, 0x0000000096000000, 0x0000000096000000|100%| O|  |TAMS 0x0000000095f00000, 0x0000000096000000| Untracked 
|  80|0x0000000096000000, 0x0000000096100000, 0x0000000096100000|100%| O|  |TAMS 0x0000000096000000, 0x0000000096100000| Untracked 
|  81|0x0000000096100000, 0x0000000096200000, 0x0000000096200000|100%| O|  |TAMS 0x0000000096100000, 0x0000000096200000| Untracked 
|  82|0x0000000096200000, 0x0000000096300000, 0x0000000096300000|100%| O|  |TAMS 0x0000000096200000, 0x0000000096256e00| Untracked 
|  83|0x0000000096300000, 0x0000000096400000, 0x0000000096400000|100%| O|  |TAMS 0x0000000096300000, 0x0000000096300000| Untracked 
|  84|0x0000000096400000, 0x0000000096500000, 0x0000000096500000|100%| O|  |TAMS 0x0000000096400000, 0x0000000096400000| Untracked 
|  85|0x0000000096500000, 0x0000000096600000, 0x0000000096600000|100%| O|  |TAMS 0x0000000096500000, 0x0000000096500000| Untracked 
|  86|0x0000000096600000, 0x0000000096700000, 0x0000000096700000|100%| O|  |TAMS 0x0000000096600000, 0x0000000096600000| Untracked 
|  87|0x0000000096700000, 0x0000000096800000, 0x0000000096800000|100%| O|  |TAMS 0x0000000096700000, 0x0000000096700000| Untracked 
|  88|0x0000000096800000, 0x0000000096900000, 0x0000000096900000|100%| O|  |TAMS 0x0000000096800000, 0x0000000096800000| Untracked 
|  89|0x0000000096900000, 0x0000000096a00000, 0x0000000096a00000|100%| O|  |TAMS 0x0000000096900000, 0x0000000096900000| Untracked 
|  90|0x0000000096a00000, 0x0000000096b00000, 0x0000000096b00000|100%| O|  |TAMS 0x0000000096a00000, 0x0000000096a00000| Untracked 
|  91|0x0000000096b00000, 0x0000000096c00000, 0x0000000096c00000|100%| O|  |TAMS 0x0000000096b00000, 0x0000000096b00000| Untracked 
|  92|0x0000000096c00000, 0x0000000096d00000, 0x0000000096d00000|100%| O|  |TAMS 0x0000000096c00000, 0x0000000096c00000| Untracked 
|  93|0x0000000096d00000, 0x0000000096e00000, 0x0000000096e00000|100%| O|  |TAMS 0x0000000096d00000, 0x0000000096d00000| Untracked 
|  94|0x0000000096e00000, 0x0000000096efa600, 0x0000000096f00000| 97%| O|  |TAMS 0x0000000096e00000, 0x0000000096e00000| Untracked 
|  95|0x0000000096f00000, 0x0000000096f00000, 0x0000000097000000|  0%| F|  |TAMS 0x0000000096f00000, 0x0000000096f00000| Untracked 
|  96|0x0000000097000000, 0x0000000097000000, 0x0000000097100000|  0%| F|  |TAMS 0x0000000097000000, 0x0000000097000000| Untracked 
|  97|0x0000000097100000, 0x0000000097100000, 0x0000000097200000|  0%| F|  |TAMS 0x0000000097100000, 0x0000000097100000| Untracked 
|  98|0x0000000097200000, 0x0000000097200000, 0x0000000097300000|  0%| F|  |TAMS 0x0000000097200000, 0x0000000097200000| Untracked 
|  99|0x0000000097300000, 0x0000000097300000, 0x0000000097400000|  0%| F|  |TAMS 0x0000000097300000, 0x0000000097300000| Untracked 
| 100|0x0000000097400000, 0x0000000097400000, 0x0000000097500000|  0%| F|  |TAMS 0x0000000097400000, 0x0000000097400000| Untracked 
| 101|0x0000000097500000, 0x0000000097500000, 0x0000000097600000|  0%| F|  |TAMS 0x0000000097500000, 0x0000000097500000| Untracked 
| 102|0x0000000097600000, 0x0000000097600000, 0x0000000097700000|  0%| F|  |TAMS 0x0000000097600000, 0x0000000097600000| Untracked 
| 103|0x0000000097700000, 0x0000000097700000, 0x0000000097800000|  0%| F|  |TAMS 0x0000000097700000, 0x0000000097700000| Untracked 
| 104|0x0000000097800000, 0x0000000097800000, 0x0000000097900000|  0%| F|  |TAMS 0x0000000097800000, 0x0000000097800000| Untracked 
| 105|0x0000000097900000, 0x0000000097900000, 0x0000000097a00000|  0%| F|  |TAMS 0x0000000097900000, 0x0000000097900000| Untracked 
| 106|0x0000000097a00000, 0x0000000097a00000, 0x0000000097b00000|  0%| F|  |TAMS 0x0000000097a00000, 0x0000000097a00000| Untracked 
| 107|0x0000000097b00000, 0x0000000097b00000, 0x0000000097c00000|  0%| F|  |TAMS 0x0000000097b00000, 0x0000000097b00000| Untracked 
| 108|0x0000000097c00000, 0x0000000097c00000, 0x0000000097d00000|  0%| F|  |TAMS 0x0000000097c00000, 0x0000000097c00000| Untracked 
| 109|0x0000000097d00000, 0x0000000097d00000, 0x0000000097e00000|  0%| F|  |TAMS 0x0000000097d00000, 0x0000000097d00000| Untracked 
| 110|0x0000000097e00000, 0x0000000097e00000, 0x0000000097f00000|  0%| F|  |TAMS 0x0000000097e00000, 0x0000000097e00000| Untracked 
| 111|0x0000000097f00000, 0x0000000097f00000, 0x0000000098000000|  0%| F|  |TAMS 0x0000000097f00000, 0x0000000097f00000| Untracked 
| 112|0x0000000098000000, 0x0000000098000000, 0x0000000098100000|  0%| F|  |TAMS 0x0000000098000000, 0x0000000098000000| Untracked 
| 113|0x0000000098100000, 0x0000000098100000, 0x0000000098200000|  0%| F|  |TAMS 0x0000000098100000, 0x0000000098100000| Untracked 
| 114|0x0000000098200000, 0x0000000098200000, 0x0000000098300000|  0%| F|  |TAMS 0x0000000098200000, 0x0000000098200000| Untracked 
| 115|0x0000000098300000, 0x0000000098300000, 0x0000000098400000|  0%| F|  |TAMS 0x0000000098300000, 0x0000000098300000| Untracked 
| 116|0x0000000098400000, 0x0000000098400000, 0x0000000098500000|  0%| F|  |TAMS 0x0000000098400000, 0x0000000098400000| Untracked 
| 117|0x0000000098500000, 0x0000000098500000, 0x0000000098600000|  0%| F|  |TAMS 0x0000000098500000, 0x0000000098500000| Untracked 
| 118|0x0000000098600000, 0x0000000098600000, 0x0000000098700000|  0%| F|  |TAMS 0x0000000098600000, 0x0000000098600000| Untracked 
| 119|0x0000000098700000, 0x0000000098700000, 0x0000000098800000|  0%| F|  |TAMS 0x0000000098700000, 0x0000000098700000| Untracked 
| 120|0x0000000098800000, 0x0000000098800000, 0x0000000098900000|  0%| F|  |TAMS 0x0000000098800000, 0x0000000098800000| Untracked 
| 121|0x0000000098900000, 0x0000000098900000, 0x0000000098a00000|  0%| F|  |TAMS 0x0000000098900000, 0x0000000098900000| Untracked 
| 122|0x0000000098a00000, 0x0000000098a00000, 0x0000000098b00000|  0%| F|  |TAMS 0x0000000098a00000, 0x0000000098a00000| Untracked 
| 123|0x0000000098b00000, 0x0000000098b00000, 0x0000000098c00000|  0%| F|  |TAMS 0x0000000098b00000, 0x0000000098b00000| Untracked 
| 124|0x0000000098c00000, 0x0000000098c00000, 0x0000000098d00000|  0%| F|  |TAMS 0x0000000098c00000, 0x0000000098c00000| Untracked 
| 125|0x0000000098d00000, 0x0000000098d00000, 0x0000000098e00000|  0%| F|  |TAMS 0x0000000098d00000, 0x0000000098d00000| Untracked 
| 126|0x0000000098e00000, 0x0000000098e00000, 0x0000000098f00000|  0%| F|  |TAMS 0x0000000098e00000, 0x0000000098e00000| Untracked 
| 127|0x0000000098f00000, 0x0000000098f00000, 0x0000000099000000|  0%| F|  |TAMS 0x0000000098f00000, 0x0000000098f00000| Untracked 
| 128|0x0000000099000000, 0x0000000099000000, 0x0000000099100000|  0%| F|  |TAMS 0x0000000099000000, 0x0000000099000000| Untracked 
| 129|0x0000000099100000, 0x0000000099100000, 0x0000000099200000|  0%| F|  |TAMS 0x0000000099100000, 0x0000000099100000| Untracked 
| 130|0x0000000099200000, 0x0000000099200000, 0x0000000099300000|  0%| F|  |TAMS 0x0000000099200000, 0x0000000099200000| Untracked 
| 131|0x0000000099300000, 0x0000000099300000, 0x0000000099400000|  0%| F|  |TAMS 0x0000000099300000, 0x0000000099300000| Untracked 
| 132|0x0000000099400000, 0x0000000099400000, 0x0000000099500000|  0%| F|  |TAMS 0x0000000099400000, 0x0000000099400000| Untracked 
| 133|0x0000000099500000, 0x0000000099500000, 0x0000000099600000|  0%| F|  |TAMS 0x0000000099500000, 0x0000000099500000| Untracked 
| 134|0x0000000099600000, 0x0000000099600000, 0x0000000099700000|  0%| F|  |TAMS 0x0000000099600000, 0x0000000099600000| Untracked 
| 135|0x0000000099700000, 0x0000000099700000, 0x0000000099800000|  0%| F|  |TAMS 0x0000000099700000, 0x0000000099700000| Untracked 
| 136|0x0000000099800000, 0x0000000099800000, 0x0000000099900000|  0%| F|  |TAMS 0x0000000099800000, 0x0000000099800000| Untracked 
| 137|0x0000000099900000, 0x0000000099900000, 0x0000000099a00000|  0%| F|  |TAMS 0x0000000099900000, 0x0000000099900000| Untracked 
| 138|0x0000000099a00000, 0x0000000099a00000, 0x0000000099b00000|  0%| F|  |TAMS 0x0000000099a00000, 0x0000000099a00000| Untracked 
| 139|0x0000000099b00000, 0x0000000099b00000, 0x0000000099c00000|  0%| F|  |TAMS 0x0000000099b00000, 0x0000000099b00000| Untracked 
| 140|0x0000000099c00000, 0x0000000099c00000, 0x0000000099d00000|  0%| F|  |TAMS 0x0000000099c00000, 0x0000000099c00000| Untracked 
| 141|0x0000000099d00000, 0x0000000099d00000, 0x0000000099e00000|  0%| F|  |TAMS 0x0000000099d00000, 0x0000000099d00000| Untracked 
| 142|0x0000000099e00000, 0x0000000099e00000, 0x0000000099f00000|  0%| F|  |TAMS 0x0000000099e00000, 0x0000000099e00000| Untracked 
| 143|0x0000000099f00000, 0x0000000099f00000, 0x000000009a000000|  0%| F|  |TAMS 0x0000000099f00000, 0x0000000099f00000| Untracked 
| 144|0x000000009a000000, 0x000000009a000000, 0x000000009a100000|  0%| F|  |TAMS 0x000000009a000000, 0x000000009a000000| Untracked 
| 145|0x000000009a100000, 0x000000009a100000, 0x000000009a200000|  0%| F|  |TAMS 0x000000009a100000, 0x000000009a100000| Untracked 
| 146|0x000000009a200000, 0x000000009a200000, 0x000000009a300000|  0%| F|  |TAMS 0x000000009a200000, 0x000000009a200000| Untracked 
| 147|0x000000009a300000, 0x000000009a300000, 0x000000009a400000|  0%| F|  |TAMS 0x000000009a300000, 0x000000009a300000| Untracked 
| 148|0x000000009a400000, 0x000000009a400000, 0x000000009a500000|  0%| F|  |TAMS 0x000000009a400000, 0x000000009a400000| Untracked 
| 149|0x000000009a500000, 0x000000009a500000, 0x000000009a600000|  0%| F|  |TAMS 0x000000009a500000, 0x000000009a500000| Untracked 
| 150|0x000000009a600000, 0x000000009a600000, 0x000000009a700000|  0%| F|  |TAMS 0x000000009a600000, 0x000000009a600000| Untracked 
| 151|0x000000009a700000, 0x000000009a700000, 0x000000009a800000|  0%| F|  |TAMS 0x000000009a700000, 0x000000009a700000| Untracked 
| 152|0x000000009a800000, 0x000000009a800000, 0x000000009a900000|  0%| F|  |TAMS 0x000000009a800000, 0x000000009a800000| Untracked 
| 153|0x000000009a900000, 0x000000009a900000, 0x000000009aa00000|  0%| F|  |TAMS 0x000000009a900000, 0x000000009a900000| Untracked 
| 154|0x000000009aa00000, 0x000000009aa00000, 0x000000009ab00000|  0%| F|  |TAMS 0x000000009aa00000, 0x000000009aa00000| Untracked 
| 155|0x000000009ab00000, 0x000000009ab00000, 0x000000009ac00000|  0%| F|  |TAMS 0x000000009ab00000, 0x000000009ab00000| Untracked 
| 156|0x000000009ac00000, 0x000000009ac00000, 0x000000009ad00000|  0%| F|  |TAMS 0x000000009ac00000, 0x000000009ac00000| Untracked 
| 157|0x000000009ad00000, 0x000000009ad00000, 0x000000009ae00000|  0%| F|  |TAMS 0x000000009ad00000, 0x000000009ad00000| Untracked 
| 158|0x000000009ae00000, 0x000000009ae00000, 0x000000009af00000|  0%| F|  |TAMS 0x000000009ae00000, 0x000000009ae00000| Untracked 
| 159|0x000000009af00000, 0x000000009af00000, 0x000000009b000000|  0%| F|  |TAMS 0x000000009af00000, 0x000000009af00000| Untracked 
| 160|0x000000009b000000, 0x000000009b000000, 0x000000009b100000|  0%| F|  |TAMS 0x000000009b000000, 0x000000009b000000| Untracked 
| 161|0x000000009b100000, 0x000000009b100000, 0x000000009b200000|  0%| F|  |TAMS 0x000000009b100000, 0x000000009b100000| Untracked 
| 162|0x000000009b200000, 0x000000009b200000, 0x000000009b300000|  0%| F|  |TAMS 0x000000009b200000, 0x000000009b200000| Untracked 
| 163|0x000000009b300000, 0x000000009b300000, 0x000000009b400000|  0%| F|  |TAMS 0x000000009b300000, 0x000000009b300000| Untracked 
| 164|0x000000009b400000, 0x000000009b400000, 0x000000009b500000|  0%| F|  |TAMS 0x000000009b400000, 0x000000009b400000| Untracked 
| 165|0x000000009b500000, 0x000000009b500000, 0x000000009b600000|  0%| F|  |TAMS 0x000000009b500000, 0x000000009b500000| Untracked 
| 166|0x000000009b600000, 0x000000009b600000, 0x000000009b700000|  0%| F|  |TAMS 0x000000009b600000, 0x000000009b600000| Untracked 
| 167|0x000000009b700000, 0x000000009b700000, 0x000000009b800000|  0%| F|  |TAMS 0x000000009b700000, 0x000000009b700000| Untracked 
| 168|0x000000009b800000, 0x000000009b800000, 0x000000009b900000|  0%| F|  |TAMS 0x000000009b800000, 0x000000009b800000| Untracked 
| 169|0x000000009b900000, 0x000000009b900000, 0x000000009ba00000|  0%| F|  |TAMS 0x000000009b900000, 0x000000009b900000| Untracked 
| 170|0x000000009ba00000, 0x000000009ba00000, 0x000000009bb00000|  0%| F|  |TAMS 0x000000009ba00000, 0x000000009ba00000| Untracked 
| 171|0x000000009bb00000, 0x000000009bb00000, 0x000000009bc00000|  0%| F|  |TAMS 0x000000009bb00000, 0x000000009bb00000| Untracked 
| 172|0x000000009bc00000, 0x000000009bc00000, 0x000000009bd00000|  0%| F|  |TAMS 0x000000009bc00000, 0x000000009bc00000| Untracked 
| 173|0x000000009bd00000, 0x000000009bd00000, 0x000000009be00000|  0%| F|  |TAMS 0x000000009bd00000, 0x000000009bd00000| Untracked 
| 174|0x000000009be00000, 0x000000009be00000, 0x000000009bf00000|  0%| F|  |TAMS 0x000000009be00000, 0x000000009be00000| Untracked 
| 175|0x000000009bf00000, 0x000000009bf00000, 0x000000009c000000|  0%| F|  |TAMS 0x000000009bf00000, 0x000000009bf00000| Untracked 
| 176|0x000000009c000000, 0x000000009c000000, 0x000000009c100000|  0%| F|  |TAMS 0x000000009c000000, 0x000000009c000000| Untracked 
| 177|0x000000009c100000, 0x000000009c100000, 0x000000009c200000|  0%| F|  |TAMS 0x000000009c100000, 0x000000009c100000| Untracked 
| 178|0x000000009c200000, 0x000000009c200000, 0x000000009c300000|  0%| F|  |TAMS 0x000000009c200000, 0x000000009c200000| Untracked 
| 179|0x000000009c300000, 0x000000009c300000, 0x000000009c400000|  0%| F|  |TAMS 0x000000009c300000, 0x000000009c300000| Untracked 
| 180|0x000000009c400000, 0x000000009c400000, 0x000000009c500000|  0%| F|  |TAMS 0x000000009c400000, 0x000000009c400000| Untracked 
| 181|0x000000009c500000, 0x000000009c500000, 0x000000009c600000|  0%| F|  |TAMS 0x000000009c500000, 0x000000009c500000| Untracked 
| 182|0x000000009c600000, 0x000000009c600000, 0x000000009c700000|  0%| F|  |TAMS 0x000000009c600000, 0x000000009c600000| Untracked 
| 183|0x000000009c700000, 0x000000009c700000, 0x000000009c800000|  0%| F|  |TAMS 0x000000009c700000, 0x000000009c700000| Untracked 
| 184|0x000000009c800000, 0x000000009c800000, 0x000000009c900000|  0%| F|  |TAMS 0x000000009c800000, 0x000000009c800000| Untracked 
| 185|0x000000009c900000, 0x000000009c900000, 0x000000009ca00000|  0%| F|  |TAMS 0x000000009c900000, 0x000000009c900000| Untracked 
| 186|0x000000009ca00000, 0x000000009ca00000, 0x000000009cb00000|  0%| F|  |TAMS 0x000000009ca00000, 0x000000009ca00000| Untracked 
| 187|0x000000009cb00000, 0x000000009cb00000, 0x000000009cc00000|  0%| F|  |TAMS 0x000000009cb00000, 0x000000009cb00000| Untracked 
| 188|0x000000009cc00000, 0x000000009cc00000, 0x000000009cd00000|  0%| F|  |TAMS 0x000000009cc00000, 0x000000009cc00000| Untracked 
| 189|0x000000009cd00000, 0x000000009cd00000, 0x000000009ce00000|  0%| F|  |TAMS 0x000000009cd00000, 0x000000009cd00000| Untracked 
| 190|0x000000009ce00000, 0x000000009ce00000, 0x000000009cf00000|  0%| F|  |TAMS 0x000000009ce00000, 0x000000009ce00000| Untracked 
| 191|0x000000009cf00000, 0x000000009cf00000, 0x000000009d000000|  0%| F|  |TAMS 0x000000009cf00000, 0x000000009cf00000| Untracked 
| 192|0x000000009d000000, 0x000000009d000000, 0x000000009d100000|  0%| F|  |TAMS 0x000000009d000000, 0x000000009d000000| Untracked 
| 193|0x000000009d100000, 0x000000009d100000, 0x000000009d200000|  0%| F|  |TAMS 0x000000009d100000, 0x000000009d100000| Untracked 
| 194|0x000000009d200000, 0x000000009d200000, 0x000000009d300000|  0%| F|  |TAMS 0x000000009d200000, 0x000000009d200000| Untracked 
| 195|0x000000009d300000, 0x000000009d300000, 0x000000009d400000|  0%| F|  |TAMS 0x000000009d300000, 0x000000009d300000| Untracked 
| 196|0x000000009d400000, 0x000000009d400000, 0x000000009d500000|  0%| F|  |TAMS 0x000000009d400000, 0x000000009d400000| Untracked 
| 197|0x000000009d500000, 0x000000009d500000, 0x000000009d600000|  0%| F|  |TAMS 0x000000009d500000, 0x000000009d500000| Untracked 
| 198|0x000000009d600000, 0x000000009d600000, 0x000000009d700000|  0%| F|  |TAMS 0x000000009d600000, 0x000000009d600000| Untracked 
| 199|0x000000009d700000, 0x000000009d700000, 0x000000009d800000|  0%| F|  |TAMS 0x000000009d700000, 0x000000009d700000| Untracked 
| 200|0x000000009d800000, 0x000000009d800000, 0x000000009d900000|  0%| F|  |TAMS 0x000000009d800000, 0x000000009d800000| Untracked 
| 201|0x000000009d900000, 0x000000009d900000, 0x000000009da00000|  0%| F|  |TAMS 0x000000009d900000, 0x000000009d900000| Untracked 
| 202|0x000000009da00000, 0x000000009da00000, 0x000000009db00000|  0%| F|  |TAMS 0x000000009da00000, 0x000000009da00000| Untracked 
| 203|0x000000009db00000, 0x000000009db00000, 0x000000009dc00000|  0%| F|  |TAMS 0x000000009db00000, 0x000000009db00000| Untracked 
| 204|0x000000009dc00000, 0x000000009dc00000, 0x000000009dd00000|  0%| F|  |TAMS 0x000000009dc00000, 0x000000009dc00000| Untracked 
| 205|0x000000009dd00000, 0x000000009dd00000, 0x000000009de00000|  0%| F|  |TAMS 0x000000009dd00000, 0x000000009dd00000| Untracked 
| 206|0x000000009de00000, 0x000000009de00000, 0x000000009df00000|  0%| F|  |TAMS 0x000000009de00000, 0x000000009de00000| Untracked 
| 207|0x000000009df00000, 0x000000009df00000, 0x000000009e000000|  0%| F|  |TAMS 0x000000009df00000, 0x000000009df00000| Untracked 
| 208|0x000000009e000000, 0x000000009e000000, 0x000000009e100000|  0%| F|  |TAMS 0x000000009e000000, 0x000000009e000000| Untracked 
| 209|0x000000009e100000, 0x000000009e100000, 0x000000009e200000|  0%| F|  |TAMS 0x000000009e100000, 0x000000009e100000| Untracked 
| 210|0x000000009e200000, 0x000000009e200000, 0x000000009e300000|  0%| F|  |TAMS 0x000000009e200000, 0x000000009e200000| Untracked 
| 211|0x000000009e300000, 0x000000009e300000, 0x000000009e400000|  0%| F|  |TAMS 0x000000009e300000, 0x000000009e300000| Untracked 
| 212|0x000000009e400000, 0x000000009e400000, 0x000000009e500000|  0%| F|  |TAMS 0x000000009e400000, 0x000000009e400000| Untracked 
| 213|0x000000009e500000, 0x000000009e500000, 0x000000009e600000|  0%| F|  |TAMS 0x000000009e500000, 0x000000009e500000| Untracked 
| 214|0x000000009e600000, 0x000000009e600000, 0x000000009e700000|  0%| F|  |TAMS 0x000000009e600000, 0x000000009e600000| Untracked 
| 215|0x000000009e700000, 0x000000009e700000, 0x000000009e800000|  0%| F|  |TAMS 0x000000009e700000, 0x000000009e700000| Untracked 
| 216|0x000000009e800000, 0x000000009e800000, 0x000000009e900000|  0%| F|  |TAMS 0x000000009e800000, 0x000000009e800000| Untracked 
| 217|0x000000009e900000, 0x000000009e900000, 0x000000009ea00000|  0%| F|  |TAMS 0x000000009e900000, 0x000000009e900000| Untracked 
| 218|0x000000009ea00000, 0x000000009ea00000, 0x000000009eb00000|  0%| F|  |TAMS 0x000000009ea00000, 0x000000009ea00000| Untracked 
| 219|0x000000009eb00000, 0x000000009eb00000, 0x000000009ec00000|  0%| F|  |TAMS 0x000000009eb00000, 0x000000009eb00000| Untracked 
| 220|0x000000009ec00000, 0x000000009ec00000, 0x000000009ed00000|  0%| F|  |TAMS 0x000000009ec00000, 0x000000009ec00000| Untracked 
| 221|0x000000009ed00000, 0x000000009ed00000, 0x000000009ee00000|  0%| F|  |TAMS 0x000000009ed00000, 0x000000009ed00000| Untracked 
| 222|0x000000009ee00000, 0x000000009ee00000, 0x000000009ef00000|  0%| F|  |TAMS 0x000000009ee00000, 0x000000009ee00000| Untracked 
| 223|0x000000009ef00000, 0x000000009ef00000, 0x000000009f000000|  0%| F|  |TAMS 0x000000009ef00000, 0x000000009ef00000| Untracked 
| 224|0x000000009f000000, 0x000000009f000000, 0x000000009f100000|  0%| F|  |TAMS 0x000000009f000000, 0x000000009f000000| Untracked 
| 225|0x000000009f100000, 0x000000009f100000, 0x000000009f200000|  0%| F|  |TAMS 0x000000009f100000, 0x000000009f100000| Untracked 
| 226|0x000000009f200000, 0x000000009f200000, 0x000000009f300000|  0%| F|  |TAMS 0x000000009f200000, 0x000000009f200000| Untracked 
| 227|0x000000009f300000, 0x000000009f300000, 0x000000009f400000|  0%| F|  |TAMS 0x000000009f300000, 0x000000009f300000| Untracked 
| 228|0x000000009f400000, 0x000000009f400000, 0x000000009f500000|  0%| F|  |TAMS 0x000000009f400000, 0x000000009f400000| Untracked 
| 229|0x000000009f500000, 0x000000009f500000, 0x000000009f600000|  0%| F|  |TAMS 0x000000009f500000, 0x000000009f500000| Untracked 
| 230|0x000000009f600000, 0x000000009f600000, 0x000000009f700000|  0%| F|  |TAMS 0x000000009f600000, 0x000000009f600000| Untracked 
| 231|0x000000009f700000, 0x000000009f700000, 0x000000009f800000|  0%| F|  |TAMS 0x000000009f700000, 0x000000009f700000| Untracked 
| 232|0x000000009f800000, 0x000000009f800000, 0x000000009f900000|  0%| F|  |TAMS 0x000000009f800000, 0x000000009f800000| Untracked 
| 233|0x000000009f900000, 0x000000009f900000, 0x000000009fa00000|  0%| F|  |TAMS 0x000000009f900000, 0x000000009f900000| Untracked 
| 234|0x000000009fa00000, 0x000000009fa00000, 0x000000009fb00000|  0%| F|  |TAMS 0x000000009fa00000, 0x000000009fa00000| Untracked 
| 235|0x000000009fb00000, 0x000000009fb00000, 0x000000009fc00000|  0%| F|  |TAMS 0x000000009fb00000, 0x000000009fb00000| Untracked 
| 236|0x000000009fc00000, 0x000000009fc00000, 0x000000009fd00000|  0%| F|  |TAMS 0x000000009fc00000, 0x000000009fc00000| Untracked 
| 237|0x000000009fd00000, 0x000000009fd00000, 0x000000009fe00000|  0%| F|  |TAMS 0x000000009fd00000, 0x000000009fd00000| Untracked 
| 238|0x000000009fe00000, 0x000000009fe00000, 0x000000009ff00000|  0%| F|  |TAMS 0x000000009fe00000, 0x000000009fe00000| Untracked 
| 239|0x000000009ff00000, 0x000000009ff00000, 0x00000000a0000000|  0%| F|  |TAMS 0x000000009ff00000, 0x000000009ff00000| Untracked 
| 240|0x00000000a0000000, 0x00000000a0000000, 0x00000000a0100000|  0%| F|  |TAMS 0x00000000a0000000, 0x00000000a0000000| Untracked 
| 241|0x00000000a0100000, 0x00000000a0100000, 0x00000000a0200000|  0%| F|  |TAMS 0x00000000a0100000, 0x00000000a0100000| Untracked 
| 242|0x00000000a0200000, 0x00000000a0200000, 0x00000000a0300000|  0%| F|  |TAMS 0x00000000a0200000, 0x00000000a0200000| Untracked 
| 243|0x00000000a0300000, 0x00000000a0300000, 0x00000000a0400000|  0%| F|  |TAMS 0x00000000a0300000, 0x00000000a0300000| Untracked 
| 244|0x00000000a0400000, 0x00000000a0400000, 0x00000000a0500000|  0%| F|  |TAMS 0x00000000a0400000, 0x00000000a0400000| Untracked 
| 245|0x00000000a0500000, 0x00000000a0500000, 0x00000000a0600000|  0%| F|  |TAMS 0x00000000a0500000, 0x00000000a0500000| Untracked 
| 246|0x00000000a0600000, 0x00000000a0600000, 0x00000000a0700000|  0%| F|  |TAMS 0x00000000a0600000, 0x00000000a0600000| Untracked 
| 247|0x00000000a0700000, 0x00000000a0700000, 0x00000000a0800000|  0%| F|  |TAMS 0x00000000a0700000, 0x00000000a0700000| Untracked 
| 248|0x00000000a0800000, 0x00000000a0800000, 0x00000000a0900000|  0%| F|  |TAMS 0x00000000a0800000, 0x00000000a0800000| Untracked 
| 249|0x00000000a0900000, 0x00000000a0900000, 0x00000000a0a00000|  0%| F|  |TAMS 0x00000000a0900000, 0x00000000a0900000| Untracked 
| 250|0x00000000a0a00000, 0x00000000a0a00000, 0x00000000a0b00000|  0%| F|  |TAMS 0x00000000a0a00000, 0x00000000a0a00000| Untracked 
| 251|0x00000000a0b00000, 0x00000000a0b00000, 0x00000000a0c00000|  0%| F|  |TAMS 0x00000000a0b00000, 0x00000000a0b00000| Untracked 
| 252|0x00000000a0c00000, 0x00000000a0c00000, 0x00000000a0d00000|  0%| F|  |TAMS 0x00000000a0c00000, 0x00000000a0c00000| Untracked 
| 253|0x00000000a0d00000, 0x00000000a0d00000, 0x00000000a0e00000|  0%| F|  |TAMS 0x00000000a0d00000, 0x00000000a0d00000| Untracked 
| 254|0x00000000a0e00000, 0x00000000a0e9de00, 0x00000000a0f00000| 61%| S|CS|TAMS 0x00000000a0e00000, 0x00000000a0e00000| Complete 
| 255|0x00000000a0f00000, 0x00000000a1000000, 0x00000000a1000000|100%| S|CS|TAMS 0x00000000a0f00000, 0x00000000a0f00000| Complete 
| 256|0x00000000a1000000, 0x00000000a1100000, 0x00000000a1100000|100%| S|CS|TAMS 0x00000000a1000000, 0x00000000a1000000| Complete 
| 257|0x00000000a1100000, 0x00000000a1200000, 0x00000000a1200000|100%| S|CS|TAMS 0x00000000a1100000, 0x00000000a1100000| Complete 
| 258|0x00000000a1200000, 0x00000000a1200000, 0x00000000a1300000|  0%| F|  |TAMS 0x00000000a1200000, 0x00000000a1200000| Untracked 
| 259|0x00000000a1300000, 0x00000000a1300000, 0x00000000a1400000|  0%| F|  |TAMS 0x00000000a1300000, 0x00000000a1300000| Untracked 
| 260|0x00000000a1400000, 0x00000000a1400000, 0x00000000a1500000|  0%| F|  |TAMS 0x00000000a1400000, 0x00000000a1400000| Untracked 
| 261|0x00000000a1500000, 0x00000000a1500000, 0x00000000a1600000|  0%| F|  |TAMS 0x00000000a1500000, 0x00000000a1500000| Untracked 
| 262|0x00000000a1600000, 0x00000000a1600000, 0x00000000a1700000|  0%| F|  |TAMS 0x00000000a1600000, 0x00000000a1600000| Untracked 
| 263|0x00000000a1700000, 0x00000000a1700000, 0x00000000a1800000|  0%| F|  |TAMS 0x00000000a1700000, 0x00000000a1700000| Untracked 
| 264|0x00000000a1800000, 0x00000000a1800000, 0x00000000a1900000|  0%| F|  |TAMS 0x00000000a1800000, 0x00000000a1800000| Untracked 
| 265|0x00000000a1900000, 0x00000000a1900000, 0x00000000a1a00000|  0%| F|  |TAMS 0x00000000a1900000, 0x00000000a1900000| Untracked 
| 266|0x00000000a1a00000, 0x00000000a1a00000, 0x00000000a1b00000|  0%| F|  |TAMS 0x00000000a1a00000, 0x00000000a1a00000| Untracked 
| 267|0x00000000a1b00000, 0x00000000a1b00000, 0x00000000a1c00000|  0%| F|  |TAMS 0x00000000a1b00000, 0x00000000a1b00000| Untracked 
| 268|0x00000000a1c00000, 0x00000000a1c00000, 0x00000000a1d00000|  0%| F|  |TAMS 0x00000000a1c00000, 0x00000000a1c00000| Untracked 
| 269|0x00000000a1d00000, 0x00000000a1d00000, 0x00000000a1e00000|  0%| F|  |TAMS 0x00000000a1d00000, 0x00000000a1d00000| Untracked 
| 270|0x00000000a1e00000, 0x00000000a1e00000, 0x00000000a1f00000|  0%| F|  |TAMS 0x00000000a1e00000, 0x00000000a1e00000| Untracked 
| 271|0x00000000a1f00000, 0x00000000a1f00000, 0x00000000a2000000|  0%| F|  |TAMS 0x00000000a1f00000, 0x00000000a1f00000| Untracked 
| 272|0x00000000a2000000, 0x00000000a2000000, 0x00000000a2100000|  0%| F|  |TAMS 0x00000000a2000000, 0x00000000a2000000| Untracked 
| 273|0x00000000a2100000, 0x00000000a2100000, 0x00000000a2200000|  0%| F|  |TAMS 0x00000000a2100000, 0x00000000a2100000| Untracked 
| 274|0x00000000a2200000, 0x00000000a2200000, 0x00000000a2300000|  0%| F|  |TAMS 0x00000000a2200000, 0x00000000a2200000| Untracked 
| 275|0x00000000a2300000, 0x00000000a2300000, 0x00000000a2400000|  0%| F|  |TAMS 0x00000000a2300000, 0x00000000a2300000| Untracked 
| 276|0x00000000a2400000, 0x00000000a2400000, 0x00000000a2500000|  0%| F|  |TAMS 0x00000000a2400000, 0x00000000a2400000| Untracked 
| 277|0x00000000a2500000, 0x00000000a2500000, 0x00000000a2600000|  0%| F|  |TAMS 0x00000000a2500000, 0x00000000a2500000| Untracked 

Card table byte_map: [0x000001dc3c830000,0x000001dc3cbb0000] _byte_map_base: 0x000001dc3c3a8000

Marking Bits (Prev, Next): (CMBitMap*) 0x000001dc2595b120, (CMBitMap*) 0x000001dc2595b160
 Prev Bits: [0x000001dc3cf30000, 0x000001dc3eaf0000)
 Next Bits: [0x000001dc3eaf0000, 0x000001dc406b0000)

Polling page: 0x000001dc23a90000

Metaspace:

Usage:
  Non-class:     56.92 MB used.
      Class:      8.77 MB used.
       Both:     65.69 MB used.

Virtual space:
  Non-class space:       64.00 MB reserved,      57.12 MB ( 89%) committed,  8 nodes.
      Class space:        1.00 GB reserved,       9.00 MB ( <1%) committed,  1 nodes.
             Both:        1.06 GB reserved,      66.12 MB (  6%) committed. 

Chunk freelists:
   Non-Class:  2.22 MB
       Class:  2.92 MB
        Both:  5.14 MB

MaxMetaspaceSize: unlimited
CompressedClassSpaceSize: 1.00 GB
Initial GC threshold: 21.00 MB
Current GC threshold: 110.25 MB
CDS: on
MetaspaceReclaimPolicy: balanced
 - commit_granule_bytes: 65536.
 - commit_granule_words: 8192.
 - virtual_space_node_default_size: 1048576.
 - enlarge_chunks_in_place: 1.
 - new_chunks_are_fully_committed: 0.
 - uncommit_free_chunks: 1.
 - use_allocation_guard: 0.
 - handle_deallocations: 1.


Internal statistics:

num_allocs_failed_limit: 6.
num_arena_births: 484.
num_arena_deaths: 0.
num_vsnodes_births: 9.
num_vsnodes_deaths: 0.
num_space_committed: 1058.
num_space_uncommitted: 0.
num_chunks_returned_to_freelist: 6.
num_chunks_taken_from_freelist: 2908.
num_chunk_merges: 6.
num_chunk_splits: 2139.
num_chunks_enlarged: 1754.
num_purges: 0.
num_inconsistent_stats: 0.

CodeHeap 'non-profiled nmethods': size=120000Kb used=3915Kb max_used=3915Kb free=116084Kb
 bounds [0x000001dc34c50000, 0x000001dc35030000, 0x000001dc3c180000]
CodeHeap 'profiled nmethods': size=120000Kb used=10565Kb max_used=10565Kb free=109435Kb
 bounds [0x000001dc2d180000, 0x000001dc2dbe0000, 0x000001dc346b0000]
CodeHeap 'non-nmethods': size=5760Kb used=1341Kb max_used=1379Kb free=4418Kb
 bounds [0x000001dc346b0000, 0x000001dc34920000, 0x000001dc34c50000]
 total_blobs=6381 nmethods=5705 adapters=588
 compilation: enabled
              stopped_count=0, restarted_count=0
 full_count=0

Compilation events (20 events):
Event: 35.376 Thread 0x000001dc430eabd0 6434       4       com.mysql.cj.util.StringInspector::indexOfNextChar (1428 bytes)
Event: 35.459 Thread 0x000001dc430eabd0 nmethod 6434 0x000001dc3501c210 code [0x000001dc3501c4e0, 0x000001dc3501d9e0]
Event: 35.532 Thread 0x000001dc430f3590 6435       1       com.mysql.cj.protocol.a.result.OkPacket::getStatusFlags (5 bytes)
Event: 35.533 Thread 0x000001dc430f3590 nmethod 6435 0x000001dc3501eb90 code [0x000001dc3501ed20, 0x000001dc3501edf8]
Event: 35.534 Thread 0x000001dc430f3590 6436       3       org.hibernate.type.AbstractStandardBasicType::remapSqlTypeDescriptor (11 bytes)
Event: 35.534 Thread 0x000001dc430eabd0 6441       4       java.lang.String::decodeUTF8_UTF16 (624 bytes)
Event: 35.538 Thread 0x000001dc430f3590 nmethod 6436 0x000001dc2dbcfc10 code [0x000001dc2dbcfde0, 0x000001dc2dbd02b8]
Event: 35.538 Thread 0x000001dc430f3590 6442       3       org.hibernate.engine.internal.StatefulPersistenceContext::getEntry (9 bytes)
Event: 35.539 Thread 0x000001dc430f3590 nmethod 6442 0x000001dc2dbd0490 code [0x000001dc2dbd0660, 0x000001dc2dbd0908]
Event: 35.539 Thread 0x000001dc430f3590 6437       3       org.hibernate.internal.AbstractSharedSessionContract::remapSqlTypeDescriptor (9 bytes)
Event: 35.540 Thread 0x000001dc430f3590 nmethod 6437 0x000001dc2dbd0a90 code [0x000001dc2dbd0c60, 0x000001dc2dbd1018]
Event: 35.540 Thread 0x000001dc430f3590 6438       3       org.hibernate.internal.FastSessionServices::remapSqlTypeDescriptor (30 bytes)
Event: 35.540 Thread 0x000001dc430f3590 nmethod 6438 0x000001dc2dbd1190 code [0x000001dc2dbd1360, 0x000001dc2dbd16d8]
Event: 35.540 Thread 0x000001dc430f3590 6439       3       org.hibernate.dialect.Dialect::remapSqlTypeDescriptor (46 bytes)
Event: 35.543 Thread 0x000001dc430f3590 nmethod 6439 0x000001dc2dbd1810 code [0x000001dc2dbd1a00, 0x000001dc2dbd1f18]
Event: 35.543 Thread 0x000001dc430f3590 6440       3       org.hibernate.dialect.Dialect::getSqlTypeDescriptorOverride (42 bytes)
Event: 35.543 Thread 0x000001dc430f3590 nmethod 6440 0x000001dc2dbd2090 code [0x000001dc2dbd2240, 0x000001dc2dbd24f8]
Event: 35.549 Thread 0x000001dc430eabd0 nmethod 6441 0x000001dc3501ee90 code [0x000001dc3501f120, 0x000001dc3501fc98]
Event: 35.555 Thread 0x000001dc430eabd0 6443 %     4       org.apache.lucene.morphology.MorphologyImpl::readSeparators @ 13 (83 bytes)
Event: 35.618 Thread 0x000001dc430eabd0 nmethod 6443% 0x000001dc35020690 code [0x000001dc350208e0, 0x000001dc350221b8]

GC Heap History (20 events):
Event: 33.198 GC heap after
{Heap after GC invocations=33 (full 0):
 garbage-first heap   total 80896K, used 42327K [0x0000000091000000, 0x0000000100000000)
  region size 1024K, 3 young (3072K), 3 survivors (3072K)
 Metaspace       used 66272K, committed 66752K, reserved 1114112K
  class space    used 8842K, committed 9088K, reserved 1048576K
}
Event: 33.311 GC heap before
{Heap before GC invocations=33 (full 0):
 garbage-first heap   total 80896K, used 63831K [0x0000000091000000, 0x0000000100000000)
  region size 1024K, 24 young (24576K), 3 survivors (3072K)
 Metaspace       used 66272K, committed 66752K, reserved 1114112K
  class space    used 8842K, committed 9088K, reserved 1048576K
}
Event: 33.319 GC heap after
{Heap after GC invocations=34 (full 0):
 garbage-first heap   total 80896K, used 45435K [0x0000000091000000, 0x0000000100000000)
  region size 1024K, 3 young (3072K), 3 survivors (3072K)
 Metaspace       used 66272K, committed 66752K, reserved 1114112K
  class space    used 8842K, committed 9088K, reserved 1048576K
}
Event: 33.408 GC heap before
{Heap before GC invocations=35 (full 0):
 garbage-first heap   total 102400K, used 65915K [0x0000000091000000, 0x0000000100000000)
  region size 1024K, 22 young (22528K), 3 survivors (3072K)
 Metaspace       used 66273K, committed 66752K, reserved 1114112K
  class space    used 8842K, committed 9088K, reserved 1048576K
}
Event: 33.416 GC heap after
{Heap after GC invocations=36 (full 0):
 garbage-first heap   total 102400K, used 48916K [0x0000000091000000, 0x0000000100000000)
  region size 1024K, 3 young (3072K), 3 survivors (3072K)
 Metaspace       used 66273K, committed 66752K, reserved 1114112K
  class space    used 8842K, committed 9088K, reserved 1048576K
}
Event: 33.521 GC heap before
{Heap before GC invocations=36 (full 0):
 garbage-first heap   total 102400K, used 79636K [0x0000000091000000, 0x0000000100000000)
  region size 1024K, 33 young (33792K), 3 survivors (3072K)
 Metaspace       used 66287K, committed 66752K, reserved 1114112K
  class space    used 8844K, committed 9088K, reserved 1048576K
}
Event: 33.524 GC heap after
{Heap after GC invocations=37 (full 0):
 garbage-first heap   total 102400K, used 49851K [0x0000000091000000, 0x0000000100000000)
  region size 1024K, 4 young (4096K), 4 survivors (4096K)
 Metaspace       used 66287K, committed 66752K, reserved 1114112K
  class space    used 8844K, committed 9088K, reserved 1048576K
}
Event: 33.923 GC heap before
{Heap before GC invocations=37 (full 0):
 garbage-first heap   total 102400K, used 61115K [0x0000000091000000, 0x0000000100000000)
  region size 1024K, 16 young (16384K), 4 survivors (4096K)
 Metaspace       used 67250K, committed 67712K, reserved 1114112K
  class space    used 8973K, committed 9216K, reserved 1048576K
}
Event: 33.928 GC heap after
{Heap after GC invocations=38 (full 0):
 garbage-first heap   total 102400K, used 51154K [0x0000000091000000, 0x0000000100000000)
  region size 1024K, 3 young (3072K), 3 survivors (3072K)
 Metaspace       used 67250K, committed 67712K, reserved 1114112K
  class space    used 8973K, committed 9216K, reserved 1048576K
}
Event: 34.091 GC heap before
{Heap before GC invocations=39 (full 0):
 garbage-first heap   total 102400K, used 72658K [0x0000000091000000, 0x0000000100000000)
  region size 1024K, 33 young (33792K), 3 survivors (3072K)
 Metaspace       used 67250K, committed 67712K, reserved 1114112K
  class space    used 8973K, committed 9216K, reserved 1048576K
}
Event: 34.097 GC heap after
{Heap after GC invocations=40 (full 0):
 garbage-first heap   total 102400K, used 44296K [0x0000000091000000, 0x0000000100000000)
  region size 1024K, 5 young (5120K), 5 survivors (5120K)
 Metaspace       used 67250K, committed 67712K, reserved 1114112K
  class space    used 8973K, committed 9216K, reserved 1048576K
}
Event: 34.103 GC heap before
{Heap before GC invocations=40 (full 0):
 garbage-first heap   total 102400K, used 45320K [0x0000000091000000, 0x0000000100000000)
  region size 1024K, 6 young (6144K), 5 survivors (5120K)
 Metaspace       used 67250K, committed 67712K, reserved 1114112K
  class space    used 8973K, committed 9216K, reserved 1048576K
}
Event: 34.109 GC heap after
{Heap after GC invocations=41 (full 0):
 garbage-first heap   total 284672K, used 44025K [0x0000000091000000, 0x0000000100000000)
  region size 1024K, 1 young (1024K), 1 survivors (1024K)
 Metaspace       used 67250K, committed 67712K, reserved 1114112K
  class space    used 8973K, committed 9216K, reserved 1048576K
}
Event: 34.804 GC heap before
{Heap before GC invocations=41 (full 0):
 garbage-first heap   total 284672K, used 207865K [0x0000000091000000, 0x0000000100000000)
  region size 1024K, 158 young (161792K), 1 survivors (1024K)
 Metaspace       used 67261K, committed 67712K, reserved 1114112K
  class space    used 8975K, committed 9216K, reserved 1048576K
}
Event: 34.864 GC heap after
{Heap after GC invocations=42 (full 0):
 garbage-first heap   total 284672K, used 64794K [0x0000000091000000, 0x0000000100000000)
  region size 1024K, 19 young (19456K), 19 survivors (19456K)
 Metaspace       used 67261K, committed 67712K, reserved 1114112K
  class space    used 8975K, committed 9216K, reserved 1048576K
}
Event: 35.166 GC heap before
{Heap before GC invocations=42 (full 0):
 garbage-first heap   total 284672K, used 204058K [0x0000000091000000, 0x0000000100000000)
  region size 1024K, 152 young (155648K), 19 survivors (19456K)
 Metaspace       used 67262K, committed 67712K, reserved 1114112K
  class space    used 8975K, committed 9216K, reserved 1048576K
}
Event: 35.207 GC heap after
{Heap after GC invocations=43 (full 0):
 garbage-first heap   total 284672K, used 80824K [0x0000000091000000, 0x0000000100000000)
  region size 1024K, 14 young (14336K), 14 survivors (14336K)
 Metaspace       used 67262K, committed 67712K, reserved 1114112K
  class space    used 8975K, committed 9216K, reserved 1048576K
}
Event: 35.695 GC heap before
{Heap before GC invocations=43 (full 0):
 garbage-first heap   total 284672K, used 213944K [0x0000000091000000, 0x0000000100000000)
  region size 1024K, 141 young (144384K), 14 survivors (14336K)
 Metaspace       used 67262K, committed 67712K, reserved 1114112K
  class space    used 8975K, committed 9216K, reserved 1048576K
}
Event: 35.746 GC heap after
{Heap after GC invocations=44 (full 0):
 garbage-first heap   total 284672K, used 96603K [0x0000000091000000, 0x0000000100000000)
  region size 1024K, 13 young (13312K), 13 survivors (13312K)
 Metaspace       used 67262K, committed 67712K, reserved 1114112K
  class space    used 8975K, committed 9216K, reserved 1048576K
}
Event: 35.781 GC heap before
{Heap before GC invocations=44 (full 0):
 garbage-first heap   total 284672K, used 116059K [0x0000000091000000, 0x0000000100000000)
  region size 1024K, 33 young (33792K), 13 survivors (13312K)
 Metaspace       used 67262K, committed 67712K, reserved 1114112K
  class space    used 8975K, committed 9216K, reserved 1048576K
}

Deoptimization events (20 events):
Event: 34.515 Thread 0x000001dc4773f8a0 DEOPT PACKING pc=0x000001dc34dc874c sp=0x00000008733fce60
Event: 34.515 Thread 0x000001dc4773f8a0 DEOPT UNPACKING pc=0x000001dc347023a3 sp=0x00000008733fce00 mode 2
Event: 34.528 Thread 0x000001dc4773f8a0 DEOPT PACKING pc=0x000001dc2d9b7b18 sp=0x00000008733fcd60
Event: 34.528 Thread 0x000001dc4773f8a0 DEOPT UNPACKING pc=0x000001dc34702b43 sp=0x00000008733fc228 mode 0
Event: 35.021 Thread 0x000001dc4773f8a0 DEOPT PACKING pc=0x000001dc2d9b7b18 sp=0x00000008733fcd60
Event: 35.021 Thread 0x000001dc4773f8a0 DEOPT UNPACKING pc=0x000001dc34702b43 sp=0x00000008733fc228 mode 0
Event: 35.023 Thread 0x000001dc4773f8a0 DEOPT PACKING pc=0x000001dc2dbca92d sp=0x00000008733fcd40
Event: 35.023 Thread 0x000001dc4773f8a0 DEOPT UNPACKING pc=0x000001dc34702b43 sp=0x00000008733fc228 mode 0
Event: 35.316 Thread 0x000001dc4773f8a0 DEOPT PACKING pc=0x000001dc2dbc775c sp=0x00000008733fcd50
Event: 35.316 Thread 0x000001dc4773f8a0 DEOPT UNPACKING pc=0x000001dc34702b43 sp=0x00000008733fc220 mode 0
Event: 35.554 Thread 0x000001dc4773f8a0 DEOPT PACKING pc=0x000001dc2d9b7b18 sp=0x00000008733fcd60
Event: 35.554 Thread 0x000001dc4773f8a0 DEOPT UNPACKING pc=0x000001dc34702b43 sp=0x00000008733fc228 mode 0
Event: 35.555 Thread 0x000001dc4773f8a0 DEOPT PACKING pc=0x000001dc2dbca92d sp=0x00000008733fcd40
Event: 35.555 Thread 0x000001dc4773f8a0 DEOPT UNPACKING pc=0x000001dc34702b43 sp=0x00000008733fc228 mode 0
Event: 35.557 Thread 0x000001dc4773f8a0 DEOPT PACKING pc=0x000001dc2dbca92d sp=0x00000008733fcd40
Event: 35.557 Thread 0x000001dc4773f8a0 DEOPT UNPACKING pc=0x000001dc34702b43 sp=0x00000008733fc228 mode 0
Event: 35.559 Thread 0x000001dc4773f8a0 DEOPT PACKING pc=0x000001dc2dbca92d sp=0x00000008733fcd40
Event: 35.559 Thread 0x000001dc4773f8a0 DEOPT UNPACKING pc=0x000001dc34702b43 sp=0x00000008733fc228 mode 0
Event: 35.561 Thread 0x000001dc4773f8a0 DEOPT PACKING pc=0x000001dc2dbca92d sp=0x00000008733fcd40
Event: 35.561 Thread 0x000001dc4773f8a0 DEOPT UNPACKING pc=0x000001dc34702b43 sp=0x00000008733fc228 mode 0

Classes unloaded (0 events):
No events

Classes redefined (0 events):
No events

Internal exceptions (20 events):
Event: 15.535 Thread 0x000001dc25907050 Exception <a 'java/lang/ClassNotFoundException'{0x0000000093585f60}: org/springframework/data/convert/EntityConverterCustomizer> (0x0000000093585f60) 
thrown [s\open\src\hotspot\share\classfile\systemDictionary.cpp, line 256]
Event: 15.537 Thread 0x000001dc25907050 Exception <a 'java/lang/ClassNotFoundException'{0x000000009358da40}: org/springframework/data/convert/EntityReaderCustomizer> (0x000000009358da40) 
thrown [s\open\src\hotspot\share\classfile\systemDictionary.cpp, line 256]
Event: 15.538 Thread 0x000001dc25907050 Exception <a 'java/lang/ClassNotFoundException'{0x0000000093596190}: org/springframework/data/convert/EntityWriterCustomizer> (0x0000000093596190) 
thrown [s\open\src\hotspot\share\classfile\systemDictionary.cpp, line 256]
Event: 15.539 Thread 0x000001dc25907050 Exception <a 'java/lang/ClassNotFoundException'{0x000000009359bbe0}: org/springframework/beans/factory/InitializingBeanCustomizer> (0x000000009359bbe0) 
thrown [s\open\src\hotspot\share\classfile\systemDictionary.cpp, line 256]
Event: 15.574 Thread 0x000001dc25907050 Exception <a 'java/lang/ClassNotFoundException'{0x00000000934652d8}: java/lang/ObjectCustomizer> (0x00000000934652d8) 
thrown [s\open\src\hotspot\share\classfile\systemDictionary.cpp, line 256]
Event: 15.575 Thread 0x000001dc25907050 Exception <a 'java/lang/ClassNotFoundException'{0x000000009346d3d8}: org/springframework/data/keyvalue/core/AbstractKeyValueAdapterCustomizer> (0x000000009346d3d8) 
thrown [s\open\src\hotspot\share\classfile\systemDictionary.cpp, line 256]
Event: 15.578 Thread 0x000001dc25907050 Exception <a 'java/lang/ClassNotFoundException'{0x000000009347b688}: org/springframework/data/redis/core/RedisKeyValueAdapterCustomizer> (0x000000009347b688) 
thrown [s\open\src\hotspot\share\classfile\systemDictionary.cpp, line 256]
Event: 15.582 Thread 0x000001dc25907050 Exception <a 'java/lang/ClassNotFoundException'{0x00000000934a0050}: org/springframework/beans/factory/InitializingBeanCustomizer> (0x00000000934a0050) 
thrown [s\open\src\hotspot\share\classfile\systemDictionary.cpp, line 256]
Event: 15.583 Thread 0x000001dc25907050 Exception <a 'java/lang/ClassNotFoundException'{0x00000000934a5268}: org/springframework/context/ApplicationContextAwareCustomizer> (0x00000000934a5268) 
thrown [s\open\src\hotspot\share\classfile\systemDictionary.cpp, line 256]
Event: 15.585 Thread 0x000001dc25907050 Exception <a 'java/lang/ClassNotFoundException'{0x00000000934aafd8}: org/springframework/beans/factory/AwareCustomizer> (0x00000000934aafd8) 
thrown [s\open\src\hotspot\share\classfile\systemDictionary.cpp, line 256]
Event: 15.585 Thread 0x000001dc25907050 Exception <a 'java/lang/ClassNotFoundException'{0x00000000934af9a0}: org/springframework/context/ApplicationListenerCustomizer> (0x00000000934af9a0) 
thrown [s\open\src\hotspot\share\classfile\systemDictionary.cpp, line 256]
Event: 15.586 Thread 0x000001dc25907050 Exception <a 'java/lang/ClassNotFoundException'{0x00000000934b3e28}: java/util/EventListenerCustomizer> (0x00000000934b3e28) 
thrown [s\open\src\hotspot\share\classfile\systemDictionary.cpp, line 256]
Event: 15.587 Thread 0x000001dc25907050 Exception <a 'java/lang/ClassNotFoundException'{0x00000000934b9010}: org/springframework/data/keyvalue/core/KeyValueAdapterCustomizer> (0x00000000934b9010) 
thrown [s\open\src\hotspot\share\classfile\systemDictionary.cpp, line 256]
Event: 15.589 Thread 0x000001dc25907050 Exception <a 'java/lang/ClassNotFoundException'{0x00000000934ce8c8}: org/springframework/beans/factory/DisposableBeanCustomizer> (0x00000000934ce8c8) 
thrown [s\open\src\hotspot\share\classfile\systemDictionary.cpp, line 256]
Event: 15.760 Thread 0x000001dc25907050 Exception <a 'java/lang/NoSuchMethodError'{0x0000000093d8a8c8}: 'java.lang.Object java.lang.invoke.DirectMethodHandle$Holder.invokeSpecial(java.lang.Object, java.lang.Object, int, java.lang.Object, int, java.lang.Object)'> (0x0000000093d8a8c8) 
thrown [s\open\src\hotspot\share\interpreter\linkResolver.cpp, line 759]
Event: 15.761 Thread 0x000001dc25907050 Exception <a 'java/lang/NoSuchMethodError'{0x0000000093d926c8}: 'java.lang.Object java.lang.invoke.DirectMethodHandle$Holder.newInvokeSpecial(java.lang.Object, java.lang.Object, int, java.lang.Object, int)'> (0x0000000093d926c8) 
thrown [s\open\src\hotspot\share\interpreter\linkResolver.cpp, line 759]
Event: 15.762 Thread 0x000001dc25907050 Exception <a 'java/lang/NoSuchMethodError'{0x0000000093d967c8}: 'java.lang.Object java.lang.invoke.DirectMethodHandle$Holder.invokeSpecial(java.lang.Object, java.lang.Object, java.lang.Object, int, java.lang.Object, int)'> (0x0000000093d967c8) 
thrown [s\open\src\hotspot\share\interpreter\linkResolver.cpp, line 759]
Event: 15.764 Thread 0x000001dc25907050 Exception <a 'java/lang/NoSuchMethodError'{0x0000000093da0b30}: 'void java.lang.invoke.DirectMethodHandle$Holder.invokeVirtual(java.lang.Object, java.lang.Object)'> (0x0000000093da0b30) 
thrown [s\open\src\hotspot\share\interpreter\linkResolver.cpp, line 759]
Event: 28.231 Thread 0x000001dc4773d6f0 Exception <a 'java/lang/NoSuchMethodError'{0x000000009361d880}: 'java.lang.Object java.lang.invoke.DirectMethodHandle$Holder.invokeStatic(java.lang.Object, int, int)'> (0x000000009361d880) 
thrown [s\open\src\hotspot\share\interpreter\linkResolver.cpp, line 759]
Event: 33.618 Thread 0x000001dc4773f8a0 Exception <a 'java/lang/NoSuchMethodError'{0x0000000096bcb070}: 'java.lang.Object java.lang.invoke.DirectMethodHandle$Holder.invokeStaticInit(java.lang.Object, java.lang.Object, java.lang.Object, java.lang.Object, java.lang.Object, java.lang.Object)'> (0x0000000096bcb070) 
thrown [s\open\src\hotspot\share\interpreter\linkResolver.cpp, line 759]

VM Operations (20 events):
Event: 33.524 Executing VM operation: G1CollectForAllocation done
Event: 33.923 Executing VM operation: G1TryInitiateConcMark
Event: 33.928 Executing VM operation: G1TryInitiateConcMark done
Event: 33.976 Executing VM operation: G1Concurrent
Event: 33.980 Executing VM operation: G1Concurrent done
Event: 34.000 Executing VM operation: G1Concurrent
Event: 34.001 Executing VM operation: G1Concurrent done
Event: 34.091 Executing VM operation: G1CollectForAllocation
Event: 34.097 Executing VM operation: G1CollectForAllocation done
Event: 34.103 Executing VM operation: G1CollectForAllocation
Event: 34.109 Executing VM operation: G1CollectForAllocation done
Event: 34.228 Executing VM operation: HandshakeAllThreads
Event: 34.228 Executing VM operation: HandshakeAllThreads done
Event: 34.804 Executing VM operation: G1CollectForAllocation
Event: 34.864 Executing VM operation: G1CollectForAllocation done
Event: 35.166 Executing VM operation: G1CollectForAllocation
Event: 35.207 Executing VM operation: G1CollectForAllocation done
Event: 35.695 Executing VM operation: G1CollectForAllocation
Event: 35.747 Executing VM operation: G1CollectForAllocation done
Event: 35.781 Executing VM operation: G1TryInitiateConcMark

Events (20 events):
Event: 28.264 loading class java/time/format/DateTimeFormatterBuilder$ReducedPrinterParser
Event: 28.272 loading class java/time/format/DateTimeFormatterBuilder$ReducedPrinterParser done
Event: 28.391 loading class java/util/concurrent/locks/ReentrantReadWriteLock$Sync$HoldCounter
Event: 28.398 loading class java/util/concurrent/locks/ReentrantReadWriteLock$Sync$HoldCounter done
Event: 28.617 Thread 0x000001dc44b492e0 Thread exited: 0x000001dc44b492e0
Event: 28.642 loading class java/util/OptionalLong
Event: 28.643 loading class java/util/OptionalLong done
Event: 28.643 loading class java/util/OptionalDouble
Event: 28.647 loading class java/util/OptionalDouble done
Event: 28.679 loading class java/util/stream/LongStream
Event: 28.680 loading class java/util/stream/LongStream done
Event: 28.680 loading class java/util/stream/DoubleStream
Event: 28.681 loading class java/util/stream/DoubleStream done
Event: 28.724 loading class org/w3c/dom/Document
Event: 28.724 loading class org/w3c/dom/Document done
Event: 28.767 loading class java/util/AbstractMap$SimpleEntry
Event: 28.768 loading class java/util/AbstractMap$SimpleEntry done
Event: 33.891 loading class java/util/ArrayList$SubList$1
Event: 33.891 loading class java/util/ArrayList$SubList$1 done
Event: 34.230 Thread 0x000001dc430f5ea0 flushing nmethod 0x000001dc34ec3310


Dynamic libraries:
0x00007ff728ab0000 - 0x00007ff728ac0000 	C:\Program Files\Java\jdk-17\bin\java.exe
0x00007ffe7f830000 - 0x00007ffe7fa28000 	C:\WINDOWS\SYSTEM32\ntdll.dll
0x00007ffe7d860000 - 0x00007ffe7d921000 	C:\WINDOWS\System32\KERNEL32.DLL
0x00007ffe7d340000 - 0x00007ffe7d636000 	C:\WINDOWS\System32\KERNELBASE.dll
0x00007ffe7d640000 - 0x00007ffe7d740000 	C:\WINDOWS\System32\ucrtbase.dll
0x00007ffe77c20000 - 0x00007ffe77c38000 	C:\Program Files\Java\jdk-17\bin\jli.dll
0x00007ffe77b90000 - 0x00007ffe77bab000 	C:\Program Files\Java\jdk-17\bin\VCRUNTIME140.dll
0x00007ffe7e780000 - 0x00007ffe7e830000 	C:\WINDOWS\System32\ADVAPI32.dll
0x00007ffe7e1d0000 - 0x00007ffe7e26e000 	C:\WINDOWS\System32\msvcrt.dll
0x00007ffe7f300000 - 0x00007ffe7f3a0000 	C:\WINDOWS\System32\sechost.dll
0x00007ffe7dbf0000 - 0x00007ffe7dd13000 	C:\WINDOWS\System32\RPCRT4.dll
0x00007ffe7cf70000 - 0x00007ffe7cf97000 	C:\WINDOWS\System32\bcrypt.dll
0x00007ffe7df00000 - 0x00007ffe7e09f000 	C:\WINDOWS\System32\USER32.dll
0x00007ffe7d1b0000 - 0x00007ffe7d1d2000 	C:\WINDOWS\System32\win32u.dll
0x00007ffe7f640000 - 0x00007ffe7f66b000 	C:\WINDOWS\System32\GDI32.dll
0x00007ffe548c0000 - 0x00007ffe54b5a000 	C:\WINDOWS\WinSxS\amd64_microsoft.windows.common-controls_6595b64144ccf1df_6.0.19041.4355_none_60b8b9eb71f62e16\COMCTL32.dll
0x00007ffe7d740000 - 0x00007ffe7d857000 	C:\WINDOWS\System32\gdi32full.dll
0x00007ffe7cff0000 - 0x00007ffe7d08d000 	C:\WINDOWS\System32\msvcp_win.dll
0x00007ffe75380000 - 0x00007ffe7538a000 	C:\WINDOWS\SYSTEM32\VERSION.dll
0x00007ffe7daf0000 - 0x00007ffe7db1f000 	C:\WINDOWS\System32\IMM32.DLL
0x00007ffe78ef0000 - 0x00007ffe78efc000 	C:\Program Files\Java\jdk-17\bin\vcruntime140_1.dll
0x00007ffe77300000 - 0x00007ffe7738e000 	C:\Program Files\Java\jdk-17\bin\msvcp140.dll
0x00007ffdfe6e0000 - 0x00007ffdff2b7000 	C:\Program Files\Java\jdk-17\bin\server\jvm.dll
0x00007ffe7f550000 - 0x00007ffe7f558000 	C:\WINDOWS\System32\PSAPI.DLL
0x00007ffe77c10000 - 0x00007ffe77c19000 	C:\WINDOWS\SYSTEM32\WSOCK32.dll
0x00007ffe7b650000 - 0x00007ffe7b677000 	C:\WINDOWS\SYSTEM32\WINMM.dll
0x00007ffe7e0a0000 - 0x00007ffe7e10b000 	C:\WINDOWS\System32\WS2_32.dll
0x00007ffe7b700000 - 0x00007ffe7b712000 	C:\WINDOWS\SYSTEM32\kernel.appcore.dll
0x00007ffe78e30000 - 0x00007ffe78e3a000 	C:\Program Files\Java\jdk-17\bin\jimage.dll
0x00007ffe7b1e0000 - 0x00007ffe7b3c4000 	C:\WINDOWS\SYSTEM32\DBGHELP.DLL
0x00007ffe6bfb0000 - 0x00007ffe6bfe4000 	C:\WINDOWS\SYSTEM32\dbgcore.DLL
0x00007ffe7cee0000 - 0x00007ffe7cf62000 	C:\WINDOWS\System32\bcryptPrimitives.dll
0x00007ffe77c90000 - 0x00007ffe77c9e000 	C:\Program Files\Java\jdk-17\bin\instrument.dll
0x00007ffe6dd00000 - 0x00007ffe6dd25000 	C:\Program Files\Java\jdk-17\bin\java.dll
0x00007ffe6d720000 - 0x00007ffe6d7f7000 	C:\Program Files\Java\jdk-17\bin\jsvml.dll
0x00007ffe7eb90000 - 0x00007ffe7f2fc000 	C:\WINDOWS\System32\SHELL32.dll
0x00007ffe7a920000 - 0x00007ffe7b0be000 	C:\WINDOWS\SYSTEM32\windows.storage.dll
0x00007ffe7e830000 - 0x00007ffe7eb83000 	C:\WINDOWS\System32\combase.dll
0x00007ffe7c830000 - 0x00007ffe7c85e000 	C:\WINDOWS\SYSTEM32\Wldp.dll
0x00007ffe7de30000 - 0x00007ffe7defd000 	C:\WINDOWS\System32\OLEAUT32.dll
0x00007ffe7dd20000 - 0x00007ffe7ddcd000 	C:\WINDOWS\System32\SHCORE.dll
0x00007ffe7f790000 - 0x00007ffe7f7e5000 	C:\WINDOWS\System32\shlwapi.dll
0x00007ffe7ce10000 - 0x00007ffe7ce34000 	C:\WINDOWS\SYSTEM32\profapi.dll
0x00007ffe6d9e0000 - 0x00007ffe6d9f8000 	C:\Program Files\Java\jdk-17\bin\zip.dll
0x00007ffe6dcb0000 - 0x00007ffe6dcc9000 	C:\Program Files\Java\jdk-17\bin\net.dll
0x00007ffe73ca0000 - 0x00007ffe73daa000 	C:\WINDOWS\SYSTEM32\WINHTTP.dll
0x00007ffe7c570000 - 0x00007ffe7c5da000 	C:\WINDOWS\system32\mswsock.dll
0x00007ffe6dc70000 - 0x00007ffe6dc86000 	C:\Program Files\Java\jdk-17\bin\nio.dll
0x00007ffe6d840000 - 0x00007ffe6d85a000 	C:\Program Files\JetBrains\IntelliJ IDEA Community Edition 2022.3.1\bin\breakgen64.dll
0x00007ffe772f0000 - 0x00007ffe77300000 	C:\Program Files\Java\jdk-17\bin\verify.dll
0x00007ffe77060000 - 0x00007ffe7706a000 	C:\Program Files\Java\jdk-17\bin\management.dll
0x00007ffe6dce0000 - 0x00007ffe6dceb000 	C:\Program Files\Java\jdk-17\bin\management_ext.dll
0x00007ffe78ea0000 - 0x00007ffe78eb7000 	C:\WINDOWS\system32\napinsp.dll
0x00007ffe78e80000 - 0x00007ffe78e9b000 	C:\WINDOWS\system32\pnrpnsp.dll
0x00007ffe53380000 - 0x00007ffe53395000 	C:\WINDOWS\system32\wshbth.dll
0x00007ffe779d0000 - 0x00007ffe779ed000 	C:\WINDOWS\system32\NLAapi.dll
0x00007ffe7c240000 - 0x00007ffe7c27b000 	C:\WINDOWS\SYSTEM32\IPHLPAPI.DLL
0x00007ffe7c290000 - 0x00007ffe7c35a000 	C:\WINDOWS\SYSTEM32\DNSAPI.dll
0x00007ffe7db80000 - 0x00007ffe7db88000 	C:\WINDOWS\System32\NSI.dll
0x00007ffe78e60000 - 0x00007ffe78e72000 	C:\WINDOWS\System32\winrnr.dll
0x00007ffe71210000 - 0x00007ffe7121a000 	C:\Windows\System32\rasadhlp.dll
0x00007ffe71fe0000 - 0x00007ffe72060000 	C:\WINDOWS\System32\fwpuclnt.dll
0x00007ffe7c780000 - 0x00007ffe7c798000 	C:\WINDOWS\SYSTEM32\CRYPTSP.dll
0x00007ffe7be70000 - 0x00007ffe7bea4000 	C:\WINDOWS\system32\rsaenh.dll
0x00007ffe7cd80000 - 0x00007ffe7cdae000 	C:\WINDOWS\SYSTEM32\USERENV.dll
0x00007ffe7c7a0000 - 0x00007ffe7c7ac000 	C:\WINDOWS\SYSTEM32\CRYPTBASE.dll
0x00007ffe77770000 - 0x00007ffe77787000 	C:\WINDOWS\SYSTEM32\dhcpcsvc6.DLL
0x00007ffe77750000 - 0x00007ffe7776d000 	C:\WINDOWS\SYSTEM32\dhcpcsvc.DLL
0x00007ffe6dc00000 - 0x00007ffe6dc0d000 	C:\Program Files\Java\jdk-17\bin\sunmscapi.dll
0x00007ffe7d1e0000 - 0x00007ffe7d33e000 	C:\WINDOWS\System32\CRYPT32.dll
0x00007ffe7c8a0000 - 0x00007ffe7c8c9000 	C:\WINDOWS\SYSTEM32\ncrypt.dll
0x00007ffe7c860000 - 0x00007ffe7c89b000 	C:\WINDOWS\SYSTEM32\NTASN1.dll
0x00007ffe568d0000 - 0x00007ffe568d7000 	C:\WINDOWS\system32\wshunix.dll

dbghelp: loaded successfully - version: 4.0.5 - missing functions: none
symbol engine: initialized successfully - sym options: 0x614 - pdb path: .;C:\Program Files\Java\jdk-17\bin;C:\WINDOWS\SYSTEM32;C:\WINDOWS\WinSxS\amd64_microsoft.windows.common-controls_6595b64144ccf1df_6.0.19041.4355_none_60b8b9eb71f62e16;C:\Program Files\Java\jdk-17\bin\server;C:\Program Files\JetBrains\IntelliJ IDEA Community Edition 2022.3.1\bin

VM Arguments:
jvm_args: -javaagent:C:\Program Files\JetBrains\IntelliJ IDEA Community Edition 2022.3.1\lib\idea_rt.jar=6983:C:\Program Files\JetBrains\IntelliJ IDEA Community Edition 2022.3.1\bin -Dfile.encoding=UTF-8 
java_command: searchengine.Application
java_class_path (initial): C:\Users\namer\OneDrive\ \ \searchengine\target\classes;C:\Users\namer\.m2\repository\org\springframework\boot\spring-boot-starter-web\2.7.1\spring-boot-starter-web-2.7.1.jar;C:\Users\namer\.m2\repository\org\springframework\boot\spring-boot-starter\2.7.1\spring-boot-starter-2.7.1.jar;C:\Users\namer\.m2\repository\org\springframework\boot\spring-boot\2.7.1\spring-boot-2.7.1.jar;C:\Users\namer\.m2\repository\org\springframework\boot\spring-boot-autoconfigure\2.7.1\spring-boot-autoconfigure-2.7.1.jar;C:\Users\namer\.m2\repository\org\springframework\boot\spring-boot-starter-logging\2.7.1\spring-boot-starter-logging-2.7.1.jar;C:\Users\namer\.m2\repository\ch\qos\logback\logback-classic\1.2.11\logback-classic-1.2.11.jar;C:\Users\namer\.m2\repository\ch\qos\logback\logback-core\1.2.11\logback-core-1.2.11.jar;C:\Users\namer\.m2\repository\org\apache\logging\log4j\log4j-to-slf4j\2.17.2\log4j-to-slf4j-2.17.2.jar;C:\Users\namer\.m2\repository\org\apache\logging\log4j\log4j-api\2.17.2\log4j-api-2.17.2.jar;C:\Users\namer\.m2\repository\org\slf4j\jul-to-slf4j\1.7.36\jul-to-slf4j-1.7.36.jar;C:\Users\namer\.m2\repository\jakarta\annotation\jakarta.annotation-api\1.3.5\jakarta.annotation-api-1.3.5.jar;C:\Users\namer\.m2\repository\org\springframework\spring-core\5.3.21\spring-core-5.3.21.jar;C:\Users\namer\.m2\repository\org\springframework\spring-jcl\5.3.21\spring-jcl-5.3.21.jar;C:\Users\namer\.m2\repository\org\yaml\snakeyaml\1.30\snakeyaml-1.30.jar;C:\Users\namer\.m2\repository\org\springframework\boot\spring-boot-starter-json\2.7.1\spring-boot-starter-json-2.7.1.jar;C:\Users\namer\.m2\repository\com\fasterxml\jackson\datatype\jackson-datatype-jdk8\2.13.3\jackson-datatype-jdk8-2.13.3.jar;C:\Users\namer\.m2\repository\com\fasterxml\jackson\datatype\jackson-datatype-jsr310\2.13.3\jackson-datatype-jsr310-2.13.3.jar;C:\Users\namer\.m2\repository\com\fasterxml\jackson\module\jackson-module-parameter-names\2.13.3\jackson-module-pa
Launcher Type: SUN_STANDARD

[Global flags]
     intx CICompilerCount                          = 4                                         {product} {ergonomic}
     uint ConcGCThreads                            = 2                                         {product} {ergonomic}
     uint G1ConcRefinementThreads                  = 8                                         {product} {ergonomic}
   size_t G1HeapRegionSize                         = 1048576                                   {product} {ergonomic}
    uintx GCDrainStackTargetSize                   = 64                                        {product} {ergonomic}
   size_t InitialHeapSize                          = 117440512                                 {product} {ergonomic}
   size_t MarkStackSize                            = 4194304                                   {product} {ergonomic}
   size_t MaxHeapSize                              = 1862270976                                {product} {ergonomic}
   size_t MaxNewSize                               = 1116733440                                {product} {ergonomic}
   size_t MinHeapDeltaBytes                        = 1048576                                   {product} {ergonomic}
   size_t MinHeapSize                              = 8388608                                   {product} {ergonomic}
    uintx NonNMethodCodeHeapSize                   = 5839372                                {pd product} {ergonomic}
    uintx NonProfiledCodeHeapSize                  = 122909434                              {pd product} {ergonomic}
    uintx ProfiledCodeHeapSize                     = 122909434                              {pd product} {ergonomic}
    uintx ReservedCodeCacheSize                    = 251658240                              {pd product} {ergonomic}
     bool SegmentedCodeCache                       = true                                      {product} {ergonomic}
   size_t SoftMaxHeapSize                          = 1862270976                             {manageable} {ergonomic}
     bool UseCompressedClassPointers               = true                           {product lp64_product} {ergonomic}
     bool UseCompressedOops                        = true                           {product lp64_product} {ergonomic}
     bool UseG1GC                                  = true                                      {product} {ergonomic}
     bool UseLargePagesIndividualAllocation        = false                                  {pd product} {ergonomic}

Logging:
Log output configuration:
 #0: stdout all=warning uptime,level,tags
 #1: stderr all=off uptime,level,tags

Environment Variables:
JAVA_HOME=C:\Program Files\Java\jdk-17
PATH=C:\Program Files\Common Files\Oracle\Java\javapath;C:\WINDOWS\system32;C:\WINDOWS;C:\WINDOWS\System32\Wbem;C:\WINDOWS\System32\WindowsPowerShell\v1.0\;C:\WINDOWS\System32\OpenSSH\;C:\Program Files\Microsoft SQL Server\130\Tools\Binn\;C:\Program Files\Java\jdk-17\bin;C:\Program Files\apache-maven-3.9.1\bin;C:\Program Files\WebDriver\bin;C:\Program Files\allure-commandline-2.22.4\allure-2.22.4\bin;C:\ProgramData\MySQL\MySQL Server 8.0\my.ini;C:\Program Files\Git\cmd;C:\ProgramData\chocolatey\bin;C:\Program Files\MySQL\MySQL Server 8.0\bin;;C:\Program Files\Docker\Docker\resources\bin;C:\Program Files\MySQL\MySQL Shell 8.0\bin\;C:\Users\namer\AppData\Local\Microsoft\WindowsApps;C:\Windows\System32;
USERNAME=namer
OS=Windows_NT
PROCESSOR_IDENTIFIER=AMD64 Family 23 Model 24 Stepping 1, AuthenticAMD



---------------  S Y S T E M  ---------------

OS:
 Windows 10 , 64 bit Build 19041 (10.0.19041.4597)
OS uptime: 9 days 9:13 hours
Hyper-V role detected

CPU: total 8 (initial active 8) (8 cores per cpu, 2 threads per core) family 23 model 24 stepping 1 microcode 0x0, cx8, cmov, fxsr, ht, mmx, 3dnowpref, sse, sse2, sse3, ssse3, sse4a, sse4.1, sse4.2, popcnt, lzcnt, tsc, tscinvbit, avx, avx2, aes, clmul, bmi1, bmi2, adx, sha, fma, vzeroupper, clflush, clflushopt, hv

Memory: 4k page, system-wide physical 7103M (324M free)
TotalPageFile size 28607M (AvailPageFile size 124M)
current process WorkingSet (physical memory assigned to process): 353M, peak: 374M
current process commit charge ("private bytes"): 512M, peak: 873M

vm_info: Java HotSpot(TM) 64-Bit Server VM (17.0.6+9-LTS-190) for windows-amd64 JRE (17.0.6+9-LTS-190), built on Dec  6 2022 15:53:54 by "mach5one" with MS VC++ 17.1 (VS2022)

END.
