#
# There is insufficient memory for the Java Runtime Environment to continue.
# Native memory allocation (malloc) failed to allocate 865216 bytes for Chunk::new
# Possible reasons:
#   The system is out of physical RAM or swap space
#   The process is running with CompressedOops enabled, and the Java Heap may be blocking the growth of the native heap
# Possible solutions:
#   Reduce memory load on the system
#   Increase physical memory or swap space
#   Check if swap backing store is full
#   Decrease Java heap size (-Xmx/-Xms)
#   Decrease number of Java threads
#   Decrease Java thread stack sizes (-Xss)
#   Set larger code cache with -XX:ReservedCodeCacheSize=
#   JVM is running with Unscaled Compressed Oops mode in which the Java heap is
#     placed in the first 4GB address space. The Java Heap base address is the
#     maximum limit for the native heap growth. Please use -XX:HeapBaseMinAddress
#     to set the Java Heap base and to place the Java Heap above 4GB virtual address.
# This output file may be truncated or incomplete.
#
#  Out of Memory Error (arena.cpp:189), pid=10872, tid=5752
#
# JRE version: Java(TM) SE Runtime Environment (17.0.6+9) (build 17.0.6+9-LTS-190)
# Java VM: Java HotSpot(TM) 64-Bit Server VM (17.0.6+9-LTS-190, mixed mode, sharing, tiered, compressed oops, compressed class ptrs, g1 gc, windows-amd64)
# No core dump will be written. Minidumps are not enabled by default on client versions of Windows
#

---------------  S U M M A R Y ------------

Command Line: -javaagent:C:\Program Files\JetBrains\IntelliJ IDEA Community Edition 2022.3.1\lib\idea_rt.jar=7300:C:\Program Files\JetBrains\IntelliJ IDEA Community Edition 2022.3.1\bin -Dfile.encoding=UTF-8 searchengine.Application

Host: AMD Ryzen 5 3500U with Radeon Vega Mobile Gfx  , 8 cores, 6G,  Windows 10 , 64 bit Build 19041 (10.0.19041.4597)
Time: Thu Aug  1 22:03:35 2024 RTZ 2 (s 10 , 64 bit Build 19041 (10.0.19041.4597) elapsed time: 12.717732 seconds (0d 0h 0m 12s)

---------------  T H R E A D  ---------------

Current thread (0x000001aa5459b7a0):  JavaThread "C2 CompilerThread0" daemon [_thread_in_native, id=5752, stack(0x00000029d9200000,0x00000029d9300000)]


Current CompileTask:
C2:  12718 4107       4       jdk.internal.org.objectweb.asm.Frame::execute (2305 bytes)

Stack: [0x00000029d9200000,0x00000029d9300000]
Native frames: (J=compiled Java code, j=interpreted, Vv=VM code, C=native code)
V  [jvm.dll+0x6734ea]
V  [jvm.dll+0x7d18f4]
V  [jvm.dll+0x7d309e]
V  [jvm.dll+0x7d3703]
V  [jvm.dll+0x2433c5]
V  [jvm.dll+0xaa46b]
V  [jvm.dll+0xaaa0c]
V  [jvm.dll+0x2a8b1f]
V  [jvm.dll+0x57bf85]
V  [jvm.dll+0x21e142]
V  [jvm.dll+0x2178ef]
V  [jvm.dll+0x215109]
V  [jvm.dll+0x1a1730]
V  [jvm.dll+0x224b6e]
V  [jvm.dll+0x222f15]
V  [jvm.dll+0x78753c]
V  [jvm.dll+0x781a7a]
V  [jvm.dll+0x672375]
C  [ucrtbase.dll+0x21bb2]
C  [KERNEL32.DLL+0x17374]
C  [ntdll.dll+0x4cc91]


---------------  P R O C E S S  ---------------

Threads class SMR info:
_java_thread_list=0x000001aa56146720, length=19, elements={
0x000001aa34df3d90, 0x000001aa54576950, 0x000001aa54579e80, 0x000001aa54594370,
0x000001aa54596d40, 0x000001aa54597a10, 0x000001aa54598af0, 0x000001aa5459b7a0,
0x000001aa5459d520, 0x000001aa545a0040, 0x000001aa550add00, 0x000001aa5534c4e0,
0x000001aa5534f3d0, 0x000001aa568d3bb0, 0x000001aa568d4a20, 0x000001aa568d1ed0,
0x000001aa568d2870, 0x000001aa568d1530, 0x000001aa568d1a00
}

Java Threads: ( => current thread )
  0x000001aa34df3d90 JavaThread "main" [_thread_in_vm, id=16620, stack(0x00000029d8500000,0x00000029d8600000)]
  0x000001aa54576950 JavaThread "Reference Handler" daemon [_thread_blocked, id=21764, stack(0x00000029d8c00000,0x00000029d8d00000)]
  0x000001aa54579e80 JavaThread "Finalizer" daemon [_thread_blocked, id=16572, stack(0x00000029d8d00000,0x00000029d8e00000)]
  0x000001aa54594370 JavaThread "Signal Dispatcher" daemon [_thread_blocked, id=19856, stack(0x00000029d8e00000,0x00000029d8f00000)]
  0x000001aa54596d40 JavaThread "Attach Listener" daemon [_thread_blocked, id=8452, stack(0x00000029d8f00000,0x00000029d9000000)]
  0x000001aa54597a10 JavaThread "Service Thread" daemon [_thread_blocked, id=2092, stack(0x00000029d9000000,0x00000029d9100000)]
  0x000001aa54598af0 JavaThread "Monitor Deflation Thread" daemon [_thread_blocked, id=23908, stack(0x00000029d9100000,0x00000029d9200000)]
=>0x000001aa5459b7a0 JavaThread "C2 CompilerThread0" daemon [_thread_in_native, id=5752, stack(0x00000029d9200000,0x00000029d9300000)]
  0x000001aa5459d520 JavaThread "C1 CompilerThread0" daemon [_thread_blocked, id=23408, stack(0x00000029d9300000,0x00000029d9400000)]
  0x000001aa545a0040 JavaThread "Sweeper thread" daemon [_thread_blocked, id=16688, stack(0x00000029d9400000,0x00000029d9500000)]
  0x000001aa550add00 JavaThread "Common-Cleaner" daemon [_thread_blocked, id=2860, stack(0x00000029d9500000,0x00000029d9600000)]
  0x000001aa5534c4e0 JavaThread "Monitor Ctrl-Break" daemon [_thread_in_native, id=15668, stack(0x00000029d9600000,0x00000029d9700000)]
  0x000001aa5534f3d0 JavaThread "Notification Thread" daemon [_thread_blocked, id=6032, stack(0x00000029d9700000,0x00000029d9800000)]
  0x000001aa568d3bb0 JavaThread "Catalina-utility-1" [_thread_blocked, id=20892, stack(0x00000029da300000,0x00000029da400000)]
  0x000001aa568d4a20 JavaThread "Catalina-utility-2" [_thread_blocked, id=18368, stack(0x00000029da400000,0x00000029da500000)]
  0x000001aa568d1ed0 JavaThread "container-0" [_thread_blocked, id=1420, stack(0x00000029da500000,0x00000029da600000)]
  0x000001aa568d2870 JavaThread "mysql-cj-abandoned-connection-cleanup" daemon [_thread_blocked, id=20096, stack(0x00000029da600000,0x00000029da700000)]
  0x000001aa568d1530 JavaThread "HikariPool-1 housekeeper" daemon [_thread_blocked, id=19680, stack(0x00000029da800000,0x00000029da900000)]
  0x000001aa568d1a00 JavaThread "HikariPool-1 connection adder" daemon [_thread_in_native, id=17272, stack(0x00000029da900000,0x00000029daa00000)]

Other Threads:
  0x000001aa545719a0 VMThread "VM Thread" [stack: 0x00000029d8b00000,0x00000029d8c00000] [id=6184]
  0x000001aa34df4d40 WatcherThread [stack: 0x00000029d9800000,0x00000029d9900000] [id=23148]
  0x000001aa34e4dae0 GCTaskThread "GC Thread#0" [stack: 0x00000029d8600000,0x00000029d8700000] [id=18016]
  0x000001aa5593ddd0 GCTaskThread "GC Thread#1" [stack: 0x00000029d9900000,0x00000029d9a00000] [id=13356]
  0x000001aa5593c5a0 GCTaskThread "GC Thread#2" [stack: 0x00000029d9a00000,0x00000029d9b00000] [id=12456]
  0x000001aa5593c850 GCTaskThread "GC Thread#3" [stack: 0x00000029d9b00000,0x00000029d9c00000] [id=20924]
  0x000001aa5593cdb0 GCTaskThread "GC Thread#4" [stack: 0x00000029d9c00000,0x00000029d9d00000] [id=9976]
  0x000001aa5593d310 GCTaskThread "GC Thread#5" [stack: 0x00000029d9d00000,0x00000029d9e00000] [id=21560]
  0x000001aa5593c2f0 GCTaskThread "GC Thread#6" [stack: 0x00000029d9e00000,0x00000029d9f00000] [id=15544]
  0x000001aa5593d060 GCTaskThread "GC Thread#7" [stack: 0x00000029d9f00000,0x00000029da000000] [id=16920]
  0x000001aa34e5c730 ConcurrentGCThread "G1 Main Marker" [stack: 0x00000029d8700000,0x00000029d8800000] [id=2664]
  0x000001aa34e5d050 ConcurrentGCThread "G1 Conc#0" [stack: 0x00000029d8800000,0x00000029d8900000] [id=15580]
  0x000001aa556bd830 ConcurrentGCThread "G1 Conc#1" [stack: 0x00000029da200000,0x00000029da300000] [id=18932]
  0x000001aa5442c560 ConcurrentGCThread "G1 Refine#0" [stack: 0x00000029d8900000,0x00000029d8a00000] [id=18484]
  0x000001aa55b9b0a0 ConcurrentGCThread "G1 Refine#1" [stack: 0x00000029da000000,0x00000029da100000] [id=10308]
  0x000001aa55b3b3e0 ConcurrentGCThread "G1 Refine#2" [stack: 0x00000029da100000,0x00000029da200000] [id=21580]
  0x000001aa5442ce90 ConcurrentGCThread "G1 Service" [stack: 0x00000029d8a00000,0x00000029d8b00000] [id=13768]

Threads with active compile tasks:
C2 CompilerThread0    12749 4107       4       jdk.internal.org.objectweb.asm.Frame::execute (2305 bytes)

VM state: not at safepoint (normal execution)

VM Mutex/Monitor currently owned by a thread: None

Heap address: 0x0000000091000000, size: 1776 MB, Compressed Oops mode: 32-bit

CDS archive(s) mapped at: [0x0000000800000000-0x0000000800bd0000-0x0000000800bd0000), size 12386304, SharedBaseAddress: 0x0000000800000000, ArchiveRelocationMode: 0.
Compressed class space mapped at: 0x0000000800c00000-0x0000000840c00000, reserved size: 1073741824
Narrow klass base: 0x0000000800000000, Narrow klass shift: 0, Narrow klass range: 0x100000000

GC Precious Log:
 CPUs: 8 total, 8 available
 Memory: 7103M
 Large Page Support: Disabled
 NUMA Support: Disabled
 Compressed Oops: Enabled (32-bit)
 Heap Region Size: 1M
 Heap Min Capacity: 8M
 Heap Initial Capacity: 112M
 Heap Max Capacity: 1776M
 Pre-touch: Disabled
 Parallel Workers: 8
 Concurrent Workers: 2
 Concurrent Refinement Workers: 8
 Periodic GC: Disabled

Heap:
 garbage-first heap   total 51200K, used 37052K [0x0000000091000000, 0x0000000100000000)
  region size 1024K, 21 young (21504K), 2 survivors (2048K)
 Metaspace       used 41002K, committed 41408K, reserved 1089536K
  class space    used 5432K, committed 5632K, reserved 1048576K

Heap Regions: E=young(eden), S=young(survivor), O=old, HS=humongous(starts), HC=humongous(continues), CS=collection set, F=free, OA=open archive, CA=closed archive, TAMS=top-at-mark-start (previous, next)
|   0|0x0000000091000000, 0x0000000091100000, 0x0000000091100000|100%|HS|  |TAMS 0x0000000091100000, 0x0000000091000000| Complete 
|   1|0x0000000091100000, 0x0000000091200000, 0x0000000091200000|100%| O|  |TAMS 0x0000000091200000, 0x0000000091100000| Untracked 
|   2|0x0000000091200000, 0x0000000091300000, 0x0000000091300000|100%| O|  |TAMS 0x0000000091300000, 0x0000000091200000| Untracked 
|   3|0x0000000091300000, 0x0000000091400000, 0x0000000091400000|100%| O|  |TAMS 0x0000000091400000, 0x0000000091300000| Untracked 
|   4|0x0000000091400000, 0x0000000091500000, 0x0000000091500000|100%| O|  |TAMS 0x0000000091500000, 0x0000000091400000| Untracked 
|   5|0x0000000091500000, 0x0000000091600000, 0x0000000091600000|100%| O|  |TAMS 0x0000000091600000, 0x0000000091500000| Untracked 
|   6|0x0000000091600000, 0x0000000091700000, 0x0000000091700000|100%| O|  |TAMS 0x0000000091700000, 0x0000000091600000| Untracked 
|   7|0x0000000091700000, 0x0000000091800000, 0x0000000091800000|100%| O|  |TAMS 0x0000000091800000, 0x0000000091700000| Untracked 
|   8|0x0000000091800000, 0x0000000091900000, 0x0000000091900000|100%| O|  |TAMS 0x0000000091900000, 0x0000000091800000| Untracked 
|   9|0x0000000091900000, 0x0000000091a00000, 0x0000000091a00000|100%| O|  |TAMS 0x0000000091a00000, 0x0000000091900000| Untracked 
|  10|0x0000000091a00000, 0x0000000091b00000, 0x0000000091b00000|100%| O|  |TAMS 0x0000000091b00000, 0x0000000091a00000| Untracked 
|  11|0x0000000091b00000, 0x0000000091c00000, 0x0000000091c00000|100%| O|  |TAMS 0x0000000091c00000, 0x0000000091b00000| Untracked 
|  12|0x0000000091c00000, 0x0000000091d00000, 0x0000000091d00000|100%| O|  |TAMS 0x0000000091d00000, 0x0000000091c00000| Untracked 
|  13|0x0000000091d00000, 0x0000000091e00000, 0x0000000091e00000|100%| O|  |TAMS 0x0000000091e00000, 0x0000000091d00000| Untracked 
|  14|0x0000000091e00000, 0x0000000091f00000, 0x0000000091f00000|100%| O|  |TAMS 0x0000000091f00000, 0x0000000091e00000| Untracked 
|  15|0x0000000091f00000, 0x0000000092000000, 0x0000000092000000|100%| O|  |TAMS 0x0000000092000000, 0x0000000091f00000| Complete 
|  16|0x0000000092000000, 0x000000009204a600, 0x0000000092100000| 29%| O|  |TAMS 0x000000009204a600, 0x0000000092000000| Untracked 
|  17|0x0000000092100000, 0x0000000092100000, 0x0000000092200000|  0%| F|  |TAMS 0x0000000092100000, 0x0000000092100000| Untracked 
|  18|0x0000000092200000, 0x0000000092200000, 0x0000000092300000|  0%| F|  |TAMS 0x0000000092200000, 0x0000000092200000| Untracked 
|  19|0x0000000092300000, 0x0000000092300000, 0x0000000092400000|  0%| F|  |TAMS 0x0000000092300000, 0x0000000092300000| Untracked 
|  20|0x0000000092400000, 0x0000000092400000, 0x0000000092500000|  0%| F|  |TAMS 0x0000000092400000, 0x0000000092400000| Untracked 
|  21|0x0000000092500000, 0x0000000092500000, 0x0000000092600000|  0%| F|  |TAMS 0x0000000092500000, 0x0000000092500000| Untracked 
|  22|0x0000000092600000, 0x0000000092600000, 0x0000000092700000|  0%| F|  |TAMS 0x0000000092600000, 0x0000000092600000| Untracked 
|  23|0x0000000092700000, 0x0000000092700000, 0x0000000092800000|  0%| F|  |TAMS 0x0000000092700000, 0x0000000092700000| Untracked 
|  24|0x0000000092800000, 0x0000000092800000, 0x0000000092900000|  0%| F|  |TAMS 0x0000000092800000, 0x0000000092800000| Untracked 
|  25|0x0000000092900000, 0x0000000092900000, 0x0000000092a00000|  0%| F|  |TAMS 0x0000000092900000, 0x0000000092900000| Untracked 
|  26|0x0000000092a00000, 0x0000000092a00000, 0x0000000092b00000|  0%| F|  |TAMS 0x0000000092a00000, 0x0000000092a00000| Untracked 
|  27|0x0000000092b00000, 0x0000000092b00000, 0x0000000092c00000|  0%| F|  |TAMS 0x0000000092b00000, 0x0000000092b00000| Untracked 
|  28|0x0000000092c00000, 0x0000000092c00000, 0x0000000092d00000|  0%| F|  |TAMS 0x0000000092c00000, 0x0000000092c00000| Untracked 
|  29|0x0000000092d00000, 0x0000000092e00000, 0x0000000092e00000|100%| E|  |TAMS 0x0000000092d00000, 0x0000000092d00000| Complete 
|  30|0x0000000092e00000, 0x0000000092f00000, 0x0000000092f00000|100%| E|CS|TAMS 0x0000000092e00000, 0x0000000092e00000| Complete 
|  31|0x0000000092f00000, 0x0000000093000000, 0x0000000093000000|100%| E|CS|TAMS 0x0000000092f00000, 0x0000000092f00000| Complete 
|  32|0x0000000093000000, 0x0000000093100000, 0x0000000093100000|100%| E|CS|TAMS 0x0000000093000000, 0x0000000093000000| Complete 
|  33|0x0000000093100000, 0x00000000931e4a40, 0x0000000093200000| 89%| S|CS|TAMS 0x0000000093100000, 0x0000000093100000| Complete 
|  34|0x0000000093200000, 0x0000000093300000, 0x0000000093300000|100%| S|CS|TAMS 0x0000000093200000, 0x0000000093200000| Complete 
|  35|0x0000000093300000, 0x0000000093400000, 0x0000000093400000|100%| E|CS|TAMS 0x0000000093300000, 0x0000000093300000| Complete 
|  36|0x0000000093400000, 0x0000000093500000, 0x0000000093500000|100%| E|CS|TAMS 0x0000000093400000, 0x0000000093400000| Complete 
|  37|0x0000000093500000, 0x0000000093600000, 0x0000000093600000|100%| E|CS|TAMS 0x0000000093500000, 0x0000000093500000| Complete 
|  38|0x0000000093600000, 0x0000000093700000, 0x0000000093700000|100%| E|CS|TAMS 0x0000000093600000, 0x0000000093600000| Complete 
|  39|0x0000000093700000, 0x0000000093800000, 0x0000000093800000|100%| E|CS|TAMS 0x0000000093700000, 0x0000000093700000| Complete 
|  40|0x0000000093800000, 0x0000000093900000, 0x0000000093900000|100%| E|CS|TAMS 0x0000000093800000, 0x0000000093800000| Complete 
|  41|0x0000000093900000, 0x0000000093a00000, 0x0000000093a00000|100%| E|CS|TAMS 0x0000000093900000, 0x0000000093900000| Complete 
|  42|0x0000000093a00000, 0x0000000093b00000, 0x0000000093b00000|100%| E|CS|TAMS 0x0000000093a00000, 0x0000000093a00000| Complete 
|  43|0x0000000093b00000, 0x0000000093c00000, 0x0000000093c00000|100%| E|CS|TAMS 0x0000000093b00000, 0x0000000093b00000| Complete 
|  91|0x0000000096b00000, 0x0000000096c00000, 0x0000000096c00000|100%| E|CS|TAMS 0x0000000096b00000, 0x0000000096b00000| Complete 
|  92|0x0000000096c00000, 0x0000000096d00000, 0x0000000096d00000|100%| E|CS|TAMS 0x0000000096c00000, 0x0000000096c00000| Complete 
|  93|0x0000000096d00000, 0x0000000096e00000, 0x0000000096e00000|100%| E|CS|TAMS 0x0000000096d00000, 0x0000000096d00000| Complete 
|  94|0x0000000096e00000, 0x0000000096f00000, 0x0000000096f00000|100%| E|CS|TAMS 0x0000000096e00000, 0x0000000096e00000| Complete 
|  95|0x0000000096f00000, 0x0000000097000000, 0x0000000097000000|100%| E|CS|TAMS 0x0000000096f00000, 0x0000000096f00000| Complete 
| 111|0x0000000097f00000, 0x0000000098000000, 0x0000000098000000|100%| E|CS|TAMS 0x0000000097f00000, 0x0000000097f00000| Complete 

Card table byte_map: [0x000001aa4dc60000,0x000001aa4dfe0000] _byte_map_base: 0x000001aa4d7d8000

Marking Bits (Prev, Next): (CMBitMap*) 0x000001aa34e4e000, (CMBitMap*) 0x000001aa34e4e040
 Prev Bits: [0x000001aa4e360000, 0x000001aa4ff20000)
 Next Bits: [0x000001aa4ff20000, 0x000001aa51ae0000)

Polling page: 0x000001aa34ec0000

Metaspace:

Usage:
  Non-class:     34.76 MB used.
      Class:      5.31 MB used.
       Both:     40.06 MB used.

Virtual space:
  Non-class space:       40.00 MB reserved,      34.94 MB ( 87%) committed,  5 nodes.
      Class space:        1.00 GB reserved,       5.50 MB ( <1%) committed,  1 nodes.
             Both:        1.04 GB reserved,      40.44 MB (  4%) committed. 

Chunk freelists:
   Non-Class:  912.00 KB
       Class:  2.53 MB
        Both:  3.42 MB

MaxMetaspaceSize: unlimited
CompressedClassSpaceSize: 1.00 GB
Initial GC threshold: 21.00 MB
Current GC threshold: 58.75 MB
CDS: on
MetaspaceReclaimPolicy: balanced
 - commit_granule_bytes: 65536.
 - commit_granule_words: 8192.
 - virtual_space_node_default_size: 1048576.
 - enlarge_chunks_in_place: 1.
 - new_chunks_are_fully_committed: 0.
 - uncommit_free_chunks: 1.
 - use_allocation_guard: 0.
 - handle_deallocations: 1.


Internal statistics:

num_allocs_failed_limit: 6.
num_arena_births: 318.
num_arena_deaths: 0.
num_vsnodes_births: 6.
num_vsnodes_deaths: 0.
num_space_committed: 647.
num_space_uncommitted: 0.
num_chunks_returned_to_freelist: 6.
num_chunks_taken_from_freelist: 1733.
num_chunk_merges: 6.
num_chunk_splits: 1265.
num_chunks_enlarged: 1031.
num_purges: 0.
num_inconsistent_stats: 0.

CodeHeap 'non-profiled nmethods': size=120000Kb used=1894Kb max_used=1894Kb free=118105Kb
 bounds [0x000001aa45940000, 0x000001aa45bb0000, 0x000001aa4ce70000]
CodeHeap 'profiled nmethods': size=120000Kb used=8508Kb max_used=8508Kb free=111492Kb
 bounds [0x000001aa3de70000, 0x000001aa3e6c0000, 0x000001aa453a0000]
CodeHeap 'non-nmethods': size=5760Kb used=1236Kb max_used=1254Kb free=4523Kb
 bounds [0x000001aa453a0000, 0x000001aa45610000, 0x000001aa45940000]
 total_blobs=4667 nmethods=4119 adapters=460
 compilation: enabled
              stopped_count=0, restarted_count=0
 full_count=0

Compilation events (20 events):
Event: 12.687 Thread 0x000001aa5459d520 4123       3       java.util.regex.ASCII::getType (17 bytes)
Event: 12.687 Thread 0x000001aa5459d520 nmethod 4123 0x000001aa3e6b8b10 code [0x000001aa3e6b8cc0, 0x000001aa3e6b8e58]
Event: 12.687 Thread 0x000001aa5459d520 4125       3       java.lang.Enum::hashCode (5 bytes)
Event: 12.687 Thread 0x000001aa5459d520 nmethod 4125 0x000001aa3e6b8f10 code [0x000001aa3e6b90a0, 0x000001aa3e6b91e8]
Event: 12.688 Thread 0x000001aa5459d520 4126   !   3       java.lang.Class::newInstance (134 bytes)
Event: 12.691 Thread 0x000001aa5459d520 nmethod 4126 0x000001aa3e6b9290 code [0x000001aa3e6b9720, 0x000001aa3e6bb7b8]
Event: 12.691 Thread 0x000001aa5459d520 4129       3       java.net.URI::match (56 bytes)
Event: 12.691 Thread 0x000001aa5459d520 nmethod 4129 0x000001aa3e6bc610 code [0x000001aa3e6bc7c0, 0x000001aa3e6bcab8]
Event: 12.691 Thread 0x000001aa5459d520 4127       3       jdk.internal.reflect.ReflectionFactory::newInstance (13 bytes)
Event: 12.691 Thread 0x000001aa5459d520 nmethod 4127 0x000001aa3e6bcb90 code [0x000001aa3e6bcd40, 0x000001aa3e6bcf48]
Event: 12.691 Thread 0x000001aa5459d520 4128       3       java.lang.reflect.ReflectAccess::newInstance (8 bytes)
Event: 12.691 Thread 0x000001aa5459d520 nmethod 4128 0x000001aa3e6bd090 code [0x000001aa3e6bd240, 0x000001aa3e6bd388]
Event: 12.711 Thread 0x000001aa5459d520 4130       1       com.mysql.cj.protocol.a.NativeServerSession::getCharsetSettings (5 bytes)
Event: 12.711 Thread 0x000001aa5459d520 nmethod 4130 0x000001aa45b19390 code [0x000001aa45b19520, 0x000001aa45b195f8]
Event: 12.711 Thread 0x000001aa5459d520 4131       3       com.mysql.cj.util.LazyString::<init> (26 bytes)
Event: 12.711 Thread 0x000001aa5459d520 nmethod 4131 0x000001aa3e6bd490 code [0x000001aa3e6bd640, 0x000001aa3e6bd878]
Event: 12.711 Thread 0x000001aa5459d520 4132       3       com.mysql.cj.protocol.a.NativePacketHeader::getMessageSize (48 bytes)
Event: 12.712 Thread 0x000001aa5459d520 nmethod 4132 0x000001aa3e6bd990 code [0x000001aa3e6bdbe0, 0x000001aa3e6be3f8]
Event: 12.712 Thread 0x000001aa5459d520 4133       1       com.mysql.cj.result.DefaultColumnDefinition::getFields (5 bytes)
Event: 12.712 Thread 0x000001aa5459d520 nmethod 4133 0x000001aa45b19690 code [0x000001aa45b19820, 0x000001aa45b198f8]

GC Heap History (18 events):
Event: 2.041 GC heap before
{Heap before GC invocations=0 (full 0):
 garbage-first heap   total 114688K, used 23552K [0x0000000091000000, 0x0000000100000000)
  region size 1024K, 23 young (23552K), 0 survivors (0K)
 Metaspace       used 5708K, committed 5888K, reserved 1056768K
  class space    used 653K, committed 768K, reserved 1048576K
}
Event: 2.055 GC heap after
{Heap after GC invocations=1 (full 0):
 garbage-first heap   total 114688K, used 8480K [0x0000000091000000, 0x0000000100000000)
  region size 1024K, 3 young (3072K), 3 survivors (3072K)
 Metaspace       used 5708K, committed 5888K, reserved 1056768K
  class space    used 653K, committed 768K, reserved 1048576K
}
Event: 3.305 GC heap before
{Heap before GC invocations=1 (full 0):
 garbage-first heap   total 114688K, used 28960K [0x0000000091000000, 0x0000000100000000)
  region size 1024K, 24 young (24576K), 3 survivors (3072K)
 Metaspace       used 11269K, committed 11584K, reserved 1064960K
  class space    used 1381K, committed 1536K, reserved 1048576K
}
Event: 3.313 GC heap after
{Heap after GC invocations=2 (full 0):
 garbage-first heap   total 114688K, used 9823K [0x0000000091000000, 0x0000000100000000)
  region size 1024K, 2 young (2048K), 2 survivors (2048K)
 Metaspace       used 11269K, committed 11584K, reserved 1064960K
  class space    used 1381K, committed 1536K, reserved 1048576K
}
Event: 5.859 GC heap before
{Heap before GC invocations=2 (full 0):
 garbage-first heap   total 114688K, used 53855K [0x0000000091000000, 0x0000000100000000)
  region size 1024K, 45 young (46080K), 2 survivors (2048K)
 Metaspace       used 18873K, committed 19072K, reserved 1073152K
  class space    used 2244K, committed 2304K, reserved 1048576K
}
Event: 5.870 GC heap after
{Heap after GC invocations=3 (full 0):
 garbage-first heap   total 114688K, used 12488K [0x0000000091000000, 0x0000000100000000)
  region size 1024K, 4 young (4096K), 4 survivors (4096K)
 Metaspace       used 18873K, committed 19072K, reserved 1073152K
  class space    used 2244K, committed 2304K, reserved 1048576K
}
Event: 6.946 GC heap before
{Heap before GC invocations=3 (full 0):
 garbage-first heap   total 114688K, used 27848K [0x0000000091000000, 0x0000000100000000)
  region size 1024K, 20 young (20480K), 4 survivors (4096K)
 Metaspace       used 21289K, committed 21504K, reserved 1073152K
  class space    used 2568K, committed 2624K, reserved 1048576K
}
Event: 6.957 GC heap after
{Heap after GC invocations=4 (full 0):
 garbage-first heap   total 114688K, used 13150K [0x0000000091000000, 0x0000000100000000)
  region size 1024K, 5 young (5120K), 5 survivors (5120K)
 Metaspace       used 21289K, committed 21504K, reserved 1073152K
  class space    used 2568K, committed 2624K, reserved 1048576K
}
Event: 8.595 GC heap before
{Heap before GC invocations=5 (full 0):
 garbage-first heap   total 51200K, used 38750K [0x0000000091000000, 0x0000000100000000)
  region size 1024K, 30 young (30720K), 5 survivors (5120K)
 Metaspace       used 25281K, committed 25600K, reserved 1073152K
  class space    used 3219K, committed 3392K, reserved 1048576K
}
Event: 8.616 GC heap after
{Heap after GC invocations=6 (full 0):
 garbage-first heap   total 51200K, used 14767K [0x0000000091000000, 0x0000000100000000)
  region size 1024K, 3 young (3072K), 3 survivors (3072K)
 Metaspace       used 25281K, committed 25600K, reserved 1073152K
  class space    used 3219K, committed 3392K, reserved 1048576K
}
Event: 8.702 GC heap before
{Heap before GC invocations=6 (full 0):
 garbage-first heap   total 51200K, used 15791K [0x0000000091000000, 0x0000000100000000)
  region size 1024K, 4 young (4096K), 3 survivors (3072K)
 Metaspace       used 25447K, committed 25728K, reserved 1073152K
  class space    used 3243K, committed 3392K, reserved 1048576K
}
Event: 8.711 GC heap after
{Heap after GC invocations=7 (full 0):
 garbage-first heap   total 51200K, used 15182K [0x0000000091000000, 0x0000000100000000)
  region size 1024K, 1 young (1024K), 1 survivors (1024K)
 Metaspace       used 25447K, committed 25728K, reserved 1073152K
  class space    used 3243K, committed 3392K, reserved 1048576K
}
Event: 10.035 GC heap before
{Heap before GC invocations=7 (full 0):
 garbage-first heap   total 51200K, used 35662K [0x0000000091000000, 0x0000000100000000)
  region size 1024K, 21 young (21504K), 1 survivors (1024K)
 Metaspace       used 29758K, committed 30016K, reserved 1081344K
  class space    used 3782K, committed 3904K, reserved 1048576K
}
Event: 10.046 GC heap after
{Heap after GC invocations=8 (full 0):
 garbage-first heap   total 51200K, used 16792K [0x0000000091000000, 0x0000000100000000)
  region size 1024K, 3 young (3072K), 3 survivors (3072K)
 Metaspace       used 29758K, committed 30016K, reserved 1081344K
  class space    used 3782K, committed 3904K, reserved 1048576K
}
Event: 10.860 GC heap before
{Heap before GC invocations=8 (full 0):
 garbage-first heap   total 51200K, used 36248K [0x0000000091000000, 0x0000000100000000)
  region size 1024K, 22 young (22528K), 3 survivors (3072K)
 Metaspace       used 32180K, committed 32448K, reserved 1081344K
  class space    used 4128K, committed 4288K, reserved 1048576K
}
Event: 10.865 GC heap after
{Heap after GC invocations=9 (full 0):
 garbage-first heap   total 51200K, used 18249K [0x0000000091000000, 0x0000000100000000)
  region size 1024K, 2 young (2048K), 2 survivors (2048K)
 Metaspace       used 32180K, committed 32448K, reserved 1081344K
  class space    used 4128K, committed 4288K, reserved 1048576K
}
Event: 11.708 GC heap before
{Heap before GC invocations=9 (full 0):
 garbage-first heap   total 51200K, used 32585K [0x0000000091000000, 0x0000000100000000)
  region size 1024K, 17 young (17408K), 2 survivors (2048K)
 Metaspace       used 35649K, committed 35968K, reserved 1081344K
  class space    used 4670K, committed 4800K, reserved 1048576K
}
Event: 11.712 GC heap after
{Heap after GC invocations=10 (full 0):
 garbage-first heap   total 51200K, used 18620K [0x0000000091000000, 0x0000000100000000)
  region size 1024K, 2 young (2048K), 2 survivors (2048K)
 Metaspace       used 35649K, committed 35968K, reserved 1081344K
  class space    used 4670K, committed 4800K, reserved 1048576K
}

Deoptimization events (20 events):
Event: 11.582 Thread 0x000001aa34df3d90 DEOPT PACKING pc=0x000001aa3e289262 sp=0x00000029d85fce40
Event: 11.582 Thread 0x000001aa34df3d90 DEOPT UNPACKING pc=0x000001aa453f2b43 sp=0x00000029d85fc350 mode 0
Event: 12.060 Thread 0x000001aa34df3d90 Uncommon trap: trap_request=0xffffff45 fr.pc=0x000001aa45ac0718 relative=0x0000000000000098
Event: 12.060 Thread 0x000001aa34df3d90 Uncommon trap: reason=unstable_if action=reinterpret pc=0x000001aa45ac0718 method=java.net.URI.match(CJJ)Z @ 45 c2
Event: 12.060 Thread 0x000001aa34df3d90 DEOPT PACKING pc=0x000001aa45ac0718 sp=0x00000029d85fce00
Event: 12.060 Thread 0x000001aa34df3d90 DEOPT UNPACKING pc=0x000001aa453f23a3 sp=0x00000029d85fcd88 mode 2
Event: 12.068 Thread 0x000001aa34df3d90 Uncommon trap: trap_request=0xffffff45 fr.pc=0x000001aa45a98370 relative=0x00000000000009f0
Event: 12.068 Thread 0x000001aa34df3d90 Uncommon trap: reason=unstable_if action=reinterpret pc=0x000001aa45a98370 method=java.util.Properties$LineReader.readLine()I @ 395 c2
Event: 12.069 Thread 0x000001aa34df3d90 DEOPT PACKING pc=0x000001aa45a98370 sp=0x00000029d85faaf0
Event: 12.069 Thread 0x000001aa34df3d90 DEOPT UNPACKING pc=0x000001aa453f23a3 sp=0x00000029d85faa50 mode 2
Event: 12.069 Thread 0x000001aa34df3d90 Uncommon trap: trap_request=0xffffff76 fr.pc=0x000001aa45a11f64 relative=0x00000000000007e4
Event: 12.069 Thread 0x000001aa34df3d90 Uncommon trap: reason=predicate action=maybe_recompile pc=0x000001aa45a11f64 method=java.util.Properties$LineReader.readLine()I @ 53 c2
Event: 12.069 Thread 0x000001aa34df3d90 DEOPT PACKING pc=0x000001aa45a11f64 sp=0x00000029d85faac0
Event: 12.069 Thread 0x000001aa34df3d90 DEOPT UNPACKING pc=0x000001aa453f23a3 sp=0x00000029d85faa60 mode 2
Event: 12.071 Thread 0x000001aa34df3d90 DEOPT PACKING pc=0x000001aa3e289262 sp=0x00000029d85fa8a0
Event: 12.071 Thread 0x000001aa34df3d90 DEOPT UNPACKING pc=0x000001aa453f2b43 sp=0x00000029d85f9db0 mode 0
Event: 12.153 Thread 0x000001aa34df3d90 DEOPT PACKING pc=0x000001aa3e69b32f sp=0x00000029d85fc5a0
Event: 12.153 Thread 0x000001aa34df3d90 DEOPT UNPACKING pc=0x000001aa453f2b43 sp=0x00000029d85fbb40 mode 0
Event: 12.267 Thread 0x000001aa34df3d90 DEOPT PACKING pc=0x000001aa3e289241 sp=0x00000029d85fb380
Event: 12.267 Thread 0x000001aa34df3d90 DEOPT UNPACKING pc=0x000001aa453f2b43 sp=0x00000029d85fa890 mode 0

Classes unloaded (0 events):
No events

Classes redefined (0 events):
No events

Internal exceptions (20 events):
Event: 8.641 Thread 0x000001aa34df3d90 Exception <a 'java/lang/ClassNotFoundException'{0x0000000097f4c930}: java/lang/ObjectCustomizer> (0x0000000097f4c930) 
thrown [s\open\src\hotspot\share\classfile\systemDictionary.cpp, line 256]
Event: 8.643 Thread 0x000001aa34df3d90 Exception <a 'java/lang/ClassNotFoundException'{0x0000000097f55f68}: org/springframework/transaction/annotation/AbstractTransactionManagementConfigurationCustomizer> (0x0000000097f55f68) 
thrown [s\open\src\hotspot\share\classfile\systemDictionary.cpp, line 256]
Event: 8.645 Thread 0x000001aa34df3d90 Exception <a 'java/lang/ClassNotFoundException'{0x0000000097f5dd18}: org/springframework/transaction/annotation/ProxyTransactionManagementConfigurationCustomizer> (0x0000000097f5dd18) 
thrown [s\open\src\hotspot\share\classfile\systemDictionary.cpp, line 256]
Event: 8.646 Thread 0x000001aa34df3d90 Exception <a 'java/lang/ClassNotFoundException'{0x0000000097f66b90}: org/springframework/context/annotation/ImportAwareCustomizer> (0x0000000097f66b90) 
thrown [s\open\src\hotspot\share\classfile\systemDictionary.cpp, line 256]
Event: 8.647 Thread 0x000001aa34df3d90 Exception <a 'java/lang/ClassNotFoundException'{0x0000000097f6c4c0}: org/springframework/beans/factory/AwareCustomizer> (0x0000000097f6c4c0) 
thrown [s\open\src\hotspot\share\classfile\systemDictionary.cpp, line 256]
Event: 8.904 Thread 0x000001aa34df3d90 Exception <a 'java/lang/NoSuchMethodError'{0x0000000096da44f0}: 'int java.lang.invoke.DirectMethodHandle$Holder.invokeSpecial(java.lang.Object, java.lang.Object, java.lang.Object, java.lang.Object, java.lang.Object)'> (0x0000000096da44f0) 
thrown [s\open\src\hotspot\share\interpreter\linkResolver.cpp, line 759]
Event: 9.053 Thread 0x000001aa34df3d90 Exception <a 'java/lang/NoSuchMethodError'{0x0000000096b78ac0}: 'java.lang.Object java.lang.invoke.DirectMethodHandle$Holder.invokeStatic(java.lang.Object, java.lang.Object, int)'> (0x0000000096b78ac0) 
thrown [s\open\src\hotspot\share\interpreter\linkResolver.cpp, line 759]
Event: 9.061 Thread 0x000001aa34df3d90 Exception <a 'java/lang/NoSuchMethodError'{0x0000000096b84460}: 'void java.lang.invoke.DelegatingMethodHandle$Holder.delegate(java.lang.Object, java.lang.Object, int, java.lang.Object)'> (0x0000000096b84460) 
thrown [s\open\src\hotspot\share\interpreter\linkResolver.cpp, line 759]
Event: 9.221 Thread 0x000001aa34df3d90 Exception <a 'java/lang/NoSuchMethodError'{0x0000000093bae1d8}: 'void java.lang.invoke.DirectMethodHandle$Holder.invokeInterface(java.lang.Object, java.lang.Object, int)'> (0x0000000093bae1d8) 
thrown [s\open\src\hotspot\share\interpreter\linkResolver.cpp, line 759]
Event: 9.224 Thread 0x000001aa34df3d90 Exception <a 'java/lang/NoSuchMethodError'{0x0000000093bc82d8}: 'int java.lang.invoke.DirectMethodHandle$Holder.invokeVirtual(java.lang.Object, java.lang.Object)'> (0x0000000093bc82d8) 
thrown [s\open\src\hotspot\share\interpreter\linkResolver.cpp, line 759]
Event: 9.231 Thread 0x000001aa34df3d90 Exception <a 'java/lang/IncompatibleClassChangeError'{0x0000000093a01e18}: Found class java.lang.Object, but interface was expected> (0x0000000093a01e18) 
thrown [s\open\src\hotspot\share\interpreter\linkResolver.cpp, line 826]
Event: 9.232 Thread 0x000001aa34df3d90 Exception <a 'java/lang/NoSuchMethodError'{0x0000000093a07270}: 'void java.lang.invoke.DirectMethodHandle$Holder.invokeStatic(java.lang.Object, int, java.lang.Object)'> (0x0000000093a07270) 
thrown [s\open\src\hotspot\share\interpreter\linkResolver.cpp, line 759]
Event: 9.239 Thread 0x000001aa34df3d90 Exception <a 'java/lang/NoSuchMethodError'{0x0000000093a3bc68}: 'int java.lang.invoke.DirectMethodHandle$Holder.invokeSpecial(java.lang.Object, java.lang.Object, int)'> (0x0000000093a3bc68) 
thrown [s\open\src\hotspot\share\interpreter\linkResolver.cpp, line 759]
Event: 9.446 Thread 0x000001aa34df3d90 Exception <a 'java/lang/NoSuchMethodError'{0x00000000935cb6b0}: 'java.lang.Object java.lang.invoke.DirectMethodHandle$Holder.invokeStaticInit(java.lang.Object, int, int, int, int)'> (0x00000000935cb6b0) 
thrown [s\open\src\hotspot\share\interpreter\linkResolver.cpp, line 759]
Event: 9.562 Thread 0x000001aa34df3d90 Exception <a 'java/lang/NoSuchMethodError'{0x0000000093475188}: 'java.lang.Object java.lang.invoke.DirectMethodHandle$Holder.invokeStaticInit(java.lang.Object, java.lang.Object, int, int, int, int)'> (0x0000000093475188) 
thrown [s\open\src\hotspot\share\interpreter\linkResolver.cpp, line 759]
Event: 10.239 Thread 0x000001aa34df3d90 Exception <a 'java/io/FileNotFoundException'{0x0000000096dae238}> (0x0000000096dae238) 
thrown [s\open\src\hotspot\share\prims\jni.cpp, line 516]
Event: 10.348 Thread 0x000001aa34df3d90 Exception <a 'java/lang/NoSuchMethodError'{0x0000000096b4fb90}: 'int java.lang.invoke.DirectMethodHandle$Holder.invokeInterface(java.lang.Object, java.lang.Object, java.lang.Object, java.lang.Object)'> (0x0000000096b4fb90) 
thrown [s\open\src\hotspot\share\interpreter\linkResolver.cpp, line 759]
Event: 10.470 Thread 0x000001aa34df3d90 Exception <a 'java/io/FileNotFoundException'{0x0000000093912428}> (0x0000000093912428) 
thrown [s\open\src\hotspot\share\prims\jni.cpp, line 516]
Event: 10.793 Thread 0x000001aa34df3d90 Implicit null exception at 0x000001aa45a5f2af to 0x000001aa45a5f6c4
Event: 12.628 Thread 0x000001aa34df3d90 Exception <a 'java/lang/NoSuchMethodError'{0x0000000093062210}: 'java.lang.Object java.lang.invoke.DirectMethodHandle$Holder.invokeStaticInit(java.lang.Object, java.lang.Object, java.lang.Object, java.lang.Object)'> (0x0000000093062210) 
thrown [s\open\src\hotspot\share\interpreter\linkResolver.cpp, line 759]

VM Operations (20 events):
Event: 10.406 Executing VM operation: HandshakeAllThreads
Event: 10.406 Executing VM operation: HandshakeAllThreads done
Event: 10.406 Executing VM operation: HandshakeAllThreads
Event: 10.407 Executing VM operation: HandshakeAllThreads done
Event: 10.475 Executing VM operation: HandshakeAllThreads
Event: 10.475 Executing VM operation: HandshakeAllThreads done
Event: 10.503 Executing VM operation: HandshakeAllThreads
Event: 10.503 Executing VM operation: HandshakeAllThreads done
Event: 10.622 Executing VM operation: HandshakeAllThreads
Event: 10.623 Executing VM operation: HandshakeAllThreads done
Event: 10.860 Executing VM operation: G1CollectForAllocation
Event: 10.865 Executing VM operation: G1CollectForAllocation done
Event: 11.707 Executing VM operation: CollectForMetadataAllocation
Event: 11.712 Executing VM operation: CollectForMetadataAllocation done
Event: 11.737 Executing VM operation: G1Concurrent
Event: 11.741 Executing VM operation: G1Concurrent done
Event: 11.748 Executing VM operation: G1Concurrent
Event: 11.749 Executing VM operation: G1Concurrent done
Event: 12.345 Executing VM operation: HandshakeAllThreads
Event: 12.345 Executing VM operation: HandshakeAllThreads done

Events (20 events):
Event: 12.393 loading class java/security/DigestException
Event: 12.394 loading class java/security/DigestException done
Event: 12.398 loading class javax/security/sasl/SaslException
Event: 12.398 loading class javax/security/sasl/SaslException done
Event: 12.398 loading class javax/security/auth/callback/UnsupportedCallbackException
Event: 12.399 loading class javax/security/auth/callback/UnsupportedCallbackException done
Event: 12.399 loading class javax/security/auth/login/Configuration
Event: 12.399 loading class javax/security/auth/login/Configuration done
Event: 12.400 loading class javax/security/auth/callback/Callback
Event: 12.400 loading class javax/security/auth/callback/Callback done
Event: 12.535 Thread 0x000001aa568d1530 Thread added: 0x000001aa568d1530
Event: 12.536 loading class java/util/concurrent/ThreadPoolExecutor$DiscardOldestPolicy
Event: 12.536 loading class java/util/concurrent/ThreadPoolExecutor$DiscardOldestPolicy done
Event: 12.536 loading class java/util/concurrent/ThreadPoolExecutor$CallerRunsPolicy
Event: 12.536 loading class java/util/concurrent/ThreadPoolExecutor$CallerRunsPolicy done
Event: 12.626 loading class java/io/CharArrayWriter
Event: 12.627 loading class java/io/CharArrayWriter done
Event: 12.627 loading class java/lang/StringIndexOutOfBoundsException
Event: 12.628 loading class java/lang/StringIndexOutOfBoundsException done
Event: 12.650 Thread 0x000001aa568d1a00 Thread added: 0x000001aa568d1a00


Dynamic libraries:
0x00007ff728ab0000 - 0x00007ff728ac0000 	C:\Program Files\Java\jdk-17\bin\java.exe
0x00007ffe7f830000 - 0x00007ffe7fa28000 	C:\WINDOWS\SYSTEM32\ntdll.dll
0x00007ffe7d860000 - 0x00007ffe7d921000 	C:\WINDOWS\System32\KERNEL32.DLL
0x00007ffe7d340000 - 0x00007ffe7d636000 	C:\WINDOWS\System32\KERNELBASE.dll
0x00007ffe7d640000 - 0x00007ffe7d740000 	C:\WINDOWS\System32\ucrtbase.dll
0x00007ffe77c20000 - 0x00007ffe77c38000 	C:\Program Files\Java\jdk-17\bin\jli.dll
0x00007ffe77b90000 - 0x00007ffe77bab000 	C:\Program Files\Java\jdk-17\bin\VCRUNTIME140.dll
0x00007ffe7e780000 - 0x00007ffe7e830000 	C:\WINDOWS\System32\ADVAPI32.dll
0x00007ffe7e1d0000 - 0x00007ffe7e26e000 	C:\WINDOWS\System32\msvcrt.dll
0x00007ffe7f300000 - 0x00007ffe7f3a0000 	C:\WINDOWS\System32\sechost.dll
0x00007ffe7dbf0000 - 0x00007ffe7dd13000 	C:\WINDOWS\System32\RPCRT4.dll
0x00007ffe7cf70000 - 0x00007ffe7cf97000 	C:\WINDOWS\System32\bcrypt.dll
0x00007ffe7df00000 - 0x00007ffe7e09f000 	C:\WINDOWS\System32\USER32.dll
0x00007ffe7d1b0000 - 0x00007ffe7d1d2000 	C:\WINDOWS\System32\win32u.dll
0x00007ffe7f640000 - 0x00007ffe7f66b000 	C:\WINDOWS\System32\GDI32.dll
0x00007ffe548c0000 - 0x00007ffe54b5a000 	C:\WINDOWS\WinSxS\amd64_microsoft.windows.common-controls_6595b64144ccf1df_6.0.19041.4355_none_60b8b9eb71f62e16\COMCTL32.dll
0x00007ffe7d740000 - 0x00007ffe7d857000 	C:\WINDOWS\System32\gdi32full.dll
0x00007ffe7cff0000 - 0x00007ffe7d08d000 	C:\WINDOWS\System32\msvcp_win.dll
0x00007ffe75380000 - 0x00007ffe7538a000 	C:\WINDOWS\SYSTEM32\VERSION.dll
0x00007ffe7daf0000 - 0x00007ffe7db1f000 	C:\WINDOWS\System32\IMM32.DLL
0x00007ffe78ef0000 - 0x00007ffe78efc000 	C:\Program Files\Java\jdk-17\bin\vcruntime140_1.dll
0x00007ffe77300000 - 0x00007ffe7738e000 	C:\Program Files\Java\jdk-17\bin\msvcp140.dll
0x00007ffdfe6e0000 - 0x00007ffdff2b7000 	C:\Program Files\Java\jdk-17\bin\server\jvm.dll
0x00007ffe7f550000 - 0x00007ffe7f558000 	C:\WINDOWS\System32\PSAPI.DLL
0x00007ffe7b650000 - 0x00007ffe7b677000 	C:\WINDOWS\SYSTEM32\WINMM.dll
0x00007ffe77c10000 - 0x00007ffe77c19000 	C:\WINDOWS\SYSTEM32\WSOCK32.dll
0x00007ffe7e0a0000 - 0x00007ffe7e10b000 	C:\WINDOWS\System32\WS2_32.dll
0x00007ffe7b700000 - 0x00007ffe7b712000 	C:\WINDOWS\SYSTEM32\kernel.appcore.dll
0x00007ffe78e30000 - 0x00007ffe78e3a000 	C:\Program Files\Java\jdk-17\bin\jimage.dll
0x00007ffe7b1e0000 - 0x00007ffe7b3c4000 	C:\WINDOWS\SYSTEM32\DBGHELP.DLL
0x00007ffe6bfb0000 - 0x00007ffe6bfe4000 	C:\WINDOWS\SYSTEM32\dbgcore.DLL
0x00007ffe7cee0000 - 0x00007ffe7cf62000 	C:\WINDOWS\System32\bcryptPrimitives.dll
0x00007ffe77c90000 - 0x00007ffe77c9e000 	C:\Program Files\Java\jdk-17\bin\instrument.dll
0x00007ffe6dd00000 - 0x00007ffe6dd25000 	C:\Program Files\Java\jdk-17\bin\java.dll
0x00007ffe6d720000 - 0x00007ffe6d7f7000 	C:\Program Files\Java\jdk-17\bin\jsvml.dll
0x00007ffe7eb90000 - 0x00007ffe7f2fc000 	C:\WINDOWS\System32\SHELL32.dll
0x00007ffe7a920000 - 0x00007ffe7b0be000 	C:\WINDOWS\SYSTEM32\windows.storage.dll
0x00007ffe7e830000 - 0x00007ffe7eb83000 	C:\WINDOWS\System32\combase.dll
0x00007ffe7c830000 - 0x00007ffe7c85e000 	C:\WINDOWS\SYSTEM32\Wldp.dll
0x00007ffe7de30000 - 0x00007ffe7defd000 	C:\WINDOWS\System32\OLEAUT32.dll
0x00007ffe7dd20000 - 0x00007ffe7ddcd000 	C:\WINDOWS\System32\SHCORE.dll
0x00007ffe7f790000 - 0x00007ffe7f7e5000 	C:\WINDOWS\System32\shlwapi.dll
0x00007ffe7ce10000 - 0x00007ffe7ce34000 	C:\WINDOWS\SYSTEM32\profapi.dll
0x00007ffe6d9e0000 - 0x00007ffe6d9f8000 	C:\Program Files\Java\jdk-17\bin\zip.dll
0x00007ffe6dcb0000 - 0x00007ffe6dcc9000 	C:\Program Files\Java\jdk-17\bin\net.dll
0x00007ffe73ca0000 - 0x00007ffe73daa000 	C:\WINDOWS\SYSTEM32\WINHTTP.dll
0x00007ffe7c570000 - 0x00007ffe7c5da000 	C:\WINDOWS\system32\mswsock.dll
0x00007ffe6dc70000 - 0x00007ffe6dc86000 	C:\Program Files\Java\jdk-17\bin\nio.dll
0x00007ffe6d840000 - 0x00007ffe6d85a000 	C:\Program Files\JetBrains\IntelliJ IDEA Community Edition 2022.3.1\bin\breakgen64.dll
0x00007ffe772f0000 - 0x00007ffe77300000 	C:\Program Files\Java\jdk-17\bin\verify.dll
0x00007ffe77060000 - 0x00007ffe7706a000 	C:\Program Files\Java\jdk-17\bin\management.dll
0x00007ffe6dce0000 - 0x00007ffe6dceb000 	C:\Program Files\Java\jdk-17\bin\management_ext.dll
0x00007ffe78ea0000 - 0x00007ffe78eb7000 	C:\WINDOWS\system32\napinsp.dll
0x00007ffe78e80000 - 0x00007ffe78e9b000 	C:\WINDOWS\system32\pnrpnsp.dll
0x00007ffe53380000 - 0x00007ffe53395000 	C:\WINDOWS\system32\wshbth.dll
0x00007ffe779d0000 - 0x00007ffe779ed000 	C:\WINDOWS\system32\NLAapi.dll
0x00007ffe7c240000 - 0x00007ffe7c27b000 	C:\WINDOWS\SYSTEM32\IPHLPAPI.DLL
0x00007ffe7c290000 - 0x00007ffe7c35a000 	C:\WINDOWS\SYSTEM32\DNSAPI.dll
0x00007ffe7db80000 - 0x00007ffe7db88000 	C:\WINDOWS\System32\NSI.dll
0x00007ffe78e60000 - 0x00007ffe78e72000 	C:\WINDOWS\System32\winrnr.dll
0x00007ffe71210000 - 0x00007ffe7121a000 	C:\Windows\System32\rasadhlp.dll
0x00007ffe71fe0000 - 0x00007ffe72060000 	C:\WINDOWS\System32\fwpuclnt.dll
0x00007ffe7c780000 - 0x00007ffe7c798000 	C:\WINDOWS\SYSTEM32\CRYPTSP.dll
0x00007ffe7be70000 - 0x00007ffe7bea4000 	C:\WINDOWS\system32\rsaenh.dll
0x00007ffe7cd80000 - 0x00007ffe7cdae000 	C:\WINDOWS\SYSTEM32\USERENV.dll
0x00007ffe7c7a0000 - 0x00007ffe7c7ac000 	C:\WINDOWS\SYSTEM32\CRYPTBASE.dll
0x00007ffe77770000 - 0x00007ffe77787000 	C:\WINDOWS\SYSTEM32\dhcpcsvc6.DLL
0x00007ffe77750000 - 0x00007ffe7776d000 	C:\WINDOWS\SYSTEM32\dhcpcsvc.DLL
0x00007ffe6dc00000 - 0x00007ffe6dc0d000 	C:\Program Files\Java\jdk-17\bin\sunmscapi.dll
0x00007ffe7d1e0000 - 0x00007ffe7d33e000 	C:\WINDOWS\System32\CRYPT32.dll
0x00007ffe7c8a0000 - 0x00007ffe7c8c9000 	C:\WINDOWS\SYSTEM32\ncrypt.dll
0x00007ffe7c860000 - 0x00007ffe7c89b000 	C:\WINDOWS\SYSTEM32\NTASN1.dll

dbghelp: loaded successfully - version: 4.0.5 - missing functions: none
symbol engine: initialized successfully - sym options: 0x614 - pdb path: .;C:\Program Files\Java\jdk-17\bin;C:\WINDOWS\SYSTEM32;C:\WINDOWS\WinSxS\amd64_microsoft.windows.common-controls_6595b64144ccf1df_6.0.19041.4355_none_60b8b9eb71f62e16;C:\Program Files\Java\jdk-17\bin\server;C:\Program Files\JetBrains\IntelliJ IDEA Community Edition 2022.3.1\bin

VM Arguments:
jvm_args: -javaagent:C:\Program Files\JetBrains\IntelliJ IDEA Community Edition 2022.3.1\lib\idea_rt.jar=7300:C:\Program Files\JetBrains\IntelliJ IDEA Community Edition 2022.3.1\bin -Dfile.encoding=UTF-8 
java_command: searchengine.Application
java_class_path (initial): C:\Users\namer\OneDrive\Рабочий стол\итоговый проект\searchengine\target\classes;C:\Users\namer\.m2\repository\org\springframework\boot\spring-boot-starter-web\2.7.1\spring-boot-starter-web-2.7.1.jar;C:\Users\namer\.m2\repository\org\springframework\boot\spring-boot-starter\2.7.1\spring-boot-starter-2.7.1.jar;C:\Users\namer\.m2\repository\org\springframework\boot\spring-boot\2.7.1\spring-boot-2.7.1.jar;C:\Users\namer\.m2\repository\org\springframework\boot\spring-boot-autoconfigure\2.7.1\spring-boot-autoconfigure-2.7.1.jar;C:\Users\namer\.m2\repository\org\springframework\boot\spring-boot-starter-logging\2.7.1\spring-boot-starter-logging-2.7.1.jar;C:\Users\namer\.m2\repository\ch\qos\logback\logback-classic\1.2.11\logback-classic-1.2.11.jar;C:\Users\namer\.m2\repository\ch\qos\logback\logback-core\1.2.11\logback-core-1.2.11.jar;C:\Users\namer\.m2\repository\org\apache\logging\log4j\log4j-to-slf4j\2.17.2\log4j-to-slf4j-2.17.2.jar;C:\Users\namer\.m2\repository\org\apache\logging\log4j\log4j-api\2.17.2\log4j-api-2.17.2.jar;C:\Users\namer\.m2\repository\org\slf4j\jul-to-slf4j\1.7.36\jul-to-slf4j-1.7.36.jar;C:\Users\namer\.m2\repository\jakarta\annotation\jakarta.annotation-api\1.3.5\jakarta.annotation-api-1.3.5.jar;C:\Users\namer\.m2\repository\org\springframework\spring-core\5.3.21\spring-core-5.3.21.jar;C:\Users\namer\.m2\repository\org\springframework\spring-jcl\5.3.21\spring-jcl-5.3.21.jar;C:\Users\namer\.m2\repository\org\yaml\snakeyaml\1.30\snakeyaml-1.30.jar;C:\Users\namer\.m2\repository\org\springframework\boot\spring-boot-starter-json\2.7.1\spring-boot-starter-json-2.7.1.jar;C:\Users\namer\.m2\repository\com\fasterxml\jackson\datatype\jackson-datatype-jdk8\2.13.3\jackson-datatype-jdk8-2.13.3.jar;C:\Users\namer\.m2\repository\com\fasterxml\jackson\datatype\jackson-datatype-jsr310\2.13.3\jackson-datatype-jsr310-2.13.3.jar;C:\Users\namer\.m2\repository\com\fasterxml\jackson\module\jackson-module-parameter-names\2.13.3\jackson-module-pa
Launcher Type: SUN_STANDARD

[Global flags]
     intx CICompilerCount                          = 4                                         {product} {ergonomic}
     uint ConcGCThreads                            = 2                                         {product} {ergonomic}
     uint G1ConcRefinementThreads                  = 8                                         {product} {ergonomic}
   size_t G1HeapRegionSize                         = 1048576                                   {product} {ergonomic}
    uintx GCDrainStackTargetSize                   = 64                                        {product} {ergonomic}
   size_t InitialHeapSize                          = 117440512                                 {product} {ergonomic}
   size_t MarkStackSize                            = 4194304                                   {product} {ergonomic}
   size_t MaxHeapSize                              = 1862270976                                {product} {ergonomic}
   size_t MaxNewSize                               = 1116733440                                {product} {ergonomic}
   size_t MinHeapDeltaBytes                        = 1048576                                   {product} {ergonomic}
   size_t MinHeapSize                              = 8388608                                   {product} {ergonomic}
    uintx NonNMethodCodeHeapSize                   = 5839372                                {pd product} {ergonomic}
    uintx NonProfiledCodeHeapSize                  = 122909434                              {pd product} {ergonomic}
    uintx ProfiledCodeHeapSize                     = 122909434                              {pd product} {ergonomic}
    uintx ReservedCodeCacheSize                    = 251658240                              {pd product} {ergonomic}
     bool SegmentedCodeCache                       = true                                      {product} {ergonomic}
   size_t SoftMaxHeapSize                          = 1862270976                             {manageable} {ergonomic}
     bool UseCompressedClassPointers               = true                           {product lp64_product} {ergonomic}
     bool UseCompressedOops                        = true                           {product lp64_product} {ergonomic}
     bool UseG1GC                                  = true                                      {product} {ergonomic}
     bool UseLargePagesIndividualAllocation        = false                                  {pd product} {ergonomic}

Logging:
Log output configuration:
 #0: stdout all=warning uptime,level,tags
 #1: stderr all=off uptime,level,tags

Environment Variables:
JAVA_HOME=C:\Program Files\Java\jdk-17
PATH=C:\Program Files\Common Files\Oracle\Java\javapath;C:\WINDOWS\system32;C:\WINDOWS;C:\WINDOWS\System32\Wbem;C:\WINDOWS\System32\WindowsPowerShell\v1.0\;C:\WINDOWS\System32\OpenSSH\;C:\Program Files\Microsoft SQL Server\130\Tools\Binn\;C:\Program Files\Java\jdk-17\bin;C:\Program Files\apache-maven-3.9.1\bin;C:\Program Files\WebDriver\bin;C:\Program Files\allure-commandline-2.22.4\allure-2.22.4\bin;C:\ProgramData\MySQL\MySQL Server 8.0\my.ini;C:\Program Files\Git\cmd;C:\ProgramData\chocolatey\bin;C:\Program Files\MySQL\MySQL Server 8.0\bin;;C:\Program Files\Docker\Docker\resources\bin;C:\Program Files\MySQL\MySQL Shell 8.0\bin\;C:\Users\namer\AppData\Local\Microsoft\WindowsApps;C:\Windows\System32;
USERNAME=namer
OS=Windows_NT
PROCESSOR_IDENTIFIER=AMD64 Family 23 Model 24 Stepping 1, AuthenticAMD



---------------  S Y S T E M  ---------------

OS:
 Windows 10 , 64 bit Build 19041 (10.0.19041.4597)
OS uptime: 9 days 9:17 hours
Hyper-V role detected

CPU: total 8 (initial active 8) (8 cores per cpu, 2 threads per core) family 23 model 24 stepping 1 microcode 0x0, cx8, cmov, fxsr, ht, mmx, 3dnowpref, sse, sse2, sse3, ssse3, sse4a, sse4.1, sse4.2, popcnt, lzcnt, tsc, tscinvbit, avx, avx2, aes, clmul, bmi1, bmi2, adx, sha, fma, vzeroupper, clflush, clflushopt, hv

Memory: 4k page, system-wide physical 7103M (308M free)
TotalPageFile size 28607M (AvailPageFile size 0M)
current process WorkingSet (physical memory assigned to process): 178M, peak: 178M
current process commit charge ("private bytes"): 217M, peak: 247M

vm_info: Java HotSpot(TM) 64-Bit Server VM (17.0.6+9-LTS-190) for windows-amd64 JRE (17.0.6+9-LTS-190), built on Dec  6 2022 15:53:54 by "mach5one" with MS VC++ 17.1 (VS2022)

END.
